{"C:\\Users\\we can\\Desktop\\Topia\\mens-ecommerce\\backend\\src\\app.js": {"path":"C:\\Users\\we can\\Desktop\\Topia\\mens-ecommerce\\backend\\src\\app.js","statementMap":{"0":{"start":{"line":1,"column":16},"end":{"line":1,"column":34}},"1":{"start":{"line":2,"column":15},"end":{"line":2,"column":32}},"2":{"start":{"line":3,"column":13},"end":{"line":3,"column":28}},"3":{"start":{"line":5,"column":0},"end":{"line":5,"column":16}},"4":{"start":{"line":7,"column":18},"end":{"line":7,"column":46}},"5":{"start":{"line":8,"column":19},"end":{"line":8,"column":49}},"6":{"start":{"line":9,"column":23},"end":{"line":9,"column":57}},"7":{"start":{"line":10,"column":22},"end":{"line":10,"column":55}},"8":{"start":{"line":12,"column":12},"end":{"line":12,"column":21}},"9":{"start":{"line":15,"column":0},"end":{"line":15,"column":41}},"10":{"start":{"line":16,"column":0},"end":{"line":16,"column":63}},"11":{"start":{"line":18,"column":0},"end":{"line":23,"column":4}},"12":{"start":{"line":26,"column":0},"end":{"line":26,"column":33}},"13":{"start":{"line":27,"column":0},"end":{"line":27,"column":43}},"14":{"start":{"line":28,"column":0},"end":{"line":28,"column":40}},"15":{"start":{"line":29,"column":0},"end":{"line":29,"column":58}},"16":{"start":{"line":30,"column":0},"end":{"line":30,"column":56}},"17":{"start":{"line":31,"column":0},"end":{"line":31,"column":58}},"18":{"start":{"line":32,"column":0},"end":{"line":32,"column":54}},"19":{"start":{"line":33,"column":0},"end":{"line":33,"column":57}},"20":{"start":{"line":34,"column":0},"end":{"line":34,"column":55}},"21":{"start":{"line":35,"column":0},"end":{"line":35,"column":59}},"22":{"start":{"line":38,"column":0},"end":{"line":38,"column":46}},"23":{"start":{"line":41,"column":0},"end":{"line":41,"column":21}},"24":{"start":{"line":44,"column":0},"end":{"line":51,"column":1}},"25":{"start":{"line":45,"column":4},"end":{"line":45,"column":16}},"26":{"start":{"line":47,"column":17},"end":{"line":47,"column":41}},"27":{"start":{"line":48,"column":4},"end":{"line":50,"column":7}},"28":{"start":{"line":49,"column":8},"end":{"line":49,"column":57}}},"fnMap":{"0":{"name":"(anonymous_0)","decl":{"start":{"line":48,"column":21},"end":{"line":48,"column":22}},"loc":{"start":{"line":48,"column":27},"end":{"line":50,"column":5}},"line":48}},"branchMap":{"0":{"loc":{"start":{"line":44,"column":0},"end":{"line":51,"column":1}},"type":"if","locations":[{"start":{"line":44,"column":0},"end":{"line":51,"column":1}},{"start":{},"end":{}}],"line":44},"1":{"loc":{"start":{"line":47,"column":17},"end":{"line":47,"column":41}},"type":"binary-expr","locations":[{"start":{"line":47,"column":17},"end":{"line":47,"column":33}},{"start":{"line":47,"column":37},"end":{"line":47,"column":41}}],"line":47}},"s":{"0":2,"1":2,"2":2,"3":2,"4":2,"5":2,"6":2,"7":2,"8":2,"9":2,"10":2,"11":2,"12":2,"13":2,"14":2,"15":2,"16":2,"17":2,"18":2,"19":2,"20":2,"21":2,"22":2,"23":2,"24":2,"25":0,"26":0,"27":0,"28":0},"f":{"0":0},"b":{"0":[0,2],"1":[0,0]},"_coverageSchema":"1a1c01bbd47fc00a2c39e90264f33305004495a9","hash":"40ffbaf020912ae134feef2f1b8037d37c86256e"}
,"C:\\Users\\we can\\Desktop\\Topia\\mens-ecommerce\\backend\\src\\config\\database.js": {"path":"C:\\Users\\we can\\Desktop\\Topia\\mens-ecommerce\\backend\\src\\config\\database.js","statementMap":{"0":{"start":{"line":1,"column":17},"end":{"line":1,"column":36}},"1":{"start":{"line":3,"column":18},"end":{"line":12,"column":1}},"2":{"start":{"line":4,"column":4},"end":{"line":11,"column":5}},"3":{"start":{"line":5,"column":21},"end":{"line":5,"column":68}},"4":{"start":{"line":7,"column":8},"end":{"line":7,"column":68}},"5":{"start":{"line":9,"column":8},"end":{"line":9,"column":51}},"6":{"start":{"line":10,"column":8},"end":{"line":10,"column":24}},"7":{"start":{"line":14,"column":0},"end":{"line":14,"column":27}}},"fnMap":{"0":{"name":"(anonymous_0)","decl":{"start":{"line":3,"column":18},"end":{"line":3,"column":19}},"loc":{"start":{"line":3,"column":30},"end":{"line":12,"column":1}},"line":3}},"branchMap":{},"s":{"0":2,"1":2,"2":0,"3":0,"4":0,"5":0,"6":0,"7":2},"f":{"0":0},"b":{},"_coverageSchema":"1a1c01bbd47fc00a2c39e90264f33305004495a9","hash":"7b44ecec4fdabb9a2ebcc807111500006cd324a3"}
,"C:\\Users\\we can\\Desktop\\Topia\\mens-ecommerce\\backend\\src\\controllers\\adminController.js": {"path":"C:\\Users\\we can\\Desktop\\Topia\\mens-ecommerce\\backend\\src\\controllers\\adminController.js","statementMap":{"0":{"start":{"line":1,"column":14},"end":{"line":1,"column":40}},"1":{"start":{"line":2,"column":13},"end":{"line":2,"column":38}},"2":{"start":{"line":3,"column":16},"end":{"line":3,"column":44}},"3":{"start":{"line":8,"column":0},"end":{"line":90,"column":2}},"4":{"start":{"line":9,"column":4},"end":{"line":89,"column":5}},"5":{"start":{"line":11,"column":26},"end":{"line":14,"column":10}},"6":{"start":{"line":15,"column":27},"end":{"line":15,"column":72}},"7":{"start":{"line":18,"column":28},"end":{"line":18,"column":56}},"8":{"start":{"line":21,"column":30},"end":{"line":21,"column":60}},"9":{"start":{"line":24,"column":27},"end":{"line":24,"column":54}},"10":{"start":{"line":27,"column":29},"end":{"line":31,"column":19}},"11":{"start":{"line":34,"column":38},"end":{"line":37,"column":11}},"12":{"start":{"line":34,"column":65},"end":{"line":37,"column":9}},"13":{"start":{"line":41,"column":31},"end":{"line":41,"column":80}},"14":{"start":{"line":42,"column":33},"end":{"line":42,"column":97}},"15":{"start":{"line":43,"column":29},"end":{"line":43,"column":74}},"16":{"start":{"line":45,"column":31},"end":{"line":49,"column":9}},"17":{"start":{"line":52,"column":29},"end":{"line":52,"column":39}},"18":{"start":{"line":53,"column":8},"end":{"line":53,"column":59}},"19":{"start":{"line":55,"column":29},"end":{"line":73,"column":10}},"20":{"start":{"line":75,"column":8},"end":{"line":86,"column":11}},"21":{"start":{"line":88,"column":8},"end":{"line":88,"column":73}}},"fnMap":{"0":{"name":"(anonymous_0)","decl":{"start":{"line":8,"column":24},"end":{"line":8,"column":25}},"loc":{"start":{"line":8,"column":44},"end":{"line":90,"column":1}},"line":8},"1":{"name":"(anonymous_1)","decl":{"start":{"line":34,"column":55},"end":{"line":34,"column":56}},"loc":{"start":{"line":34,"column":65},"end":{"line":37,"column":9}},"line":34}},"branchMap":{"0":{"loc":{"start":{"line":15,"column":27},"end":{"line":15,"column":72}},"type":"cond-expr","locations":[{"start":{"line":15,"column":50},"end":{"line":15,"column":68}},{"start":{"line":15,"column":71},"end":{"line":15,"column":72}}],"line":15},"1":{"loc":{"start":{"line":36,"column":25},"end":{"line":36,"column":99}},"type":"cond-expr","locations":[{"start":{"line":36,"column":45},"end":{"line":36,"column":56}},{"start":{"line":36,"column":60},"end":{"line":36,"column":98}}],"line":36},"2":{"loc":{"start":{"line":36,"column":60},"end":{"line":36,"column":98}},"type":"cond-expr","locations":[{"start":{"line":36,"column":75},"end":{"line":36,"column":86}},{"start":{"line":36,"column":89},"end":{"line":36,"column":98}}],"line":36}},"s":{"0":2,"1":2,"2":2,"3":2,"4":0,"5":0,"6":0,"7":0,"8":0,"9":0,"10":0,"11":0,"12":0,"13":0,"14":0,"15":0,"16":0,"17":0,"18":0,"19":0,"20":0,"21":0},"f":{"0":0,"1":0},"b":{"0":[0,0],"1":[0,0],"2":[0,0]},"_coverageSchema":"1a1c01bbd47fc00a2c39e90264f33305004495a9","hash":"a1f0a5b622c74f16e755e907e7bfce474d4bb0da"}
,"C:\\Users\\we can\\Desktop\\Topia\\mens-ecommerce\\backend\\src\\controllers\\authController.js": {"path":"C:\\Users\\we can\\Desktop\\Topia\\mens-ecommerce\\backend\\src\\controllers\\authController.js","statementMap":{"0":{"start":{"line":1,"column":13},"end":{"line":1,"column":38}},"1":{"start":{"line":2,"column":22},"end":{"line":2,"column":55}},"2":{"start":{"line":3,"column":18},"end":{"line":3,"column":47}},"3":{"start":{"line":4,"column":15},"end":{"line":4,"column":32}},"4":{"start":{"line":9,"column":0},"end":{"line":61,"column":2}},"5":{"start":{"line":10,"column":4},"end":{"line":60,"column":5}},"6":{"start":{"line":11,"column":49},"end":{"line":11,"column":57}},"7":{"start":{"line":14,"column":27},"end":{"line":14,"column":56}},"8":{"start":{"line":15,"column":8},"end":{"line":17,"column":9}},"9":{"start":{"line":16,"column":12},"end":{"line":16,"column":102}},"10":{"start":{"line":20,"column":21},"end":{"line":25,"column":10}},"11":{"start":{"line":27,"column":8},"end":{"line":57,"column":9}},"12":{"start":{"line":29,"column":12},"end":{"line":44,"column":13}},"13":{"start":{"line":30,"column":16},"end":{"line":41,"column":19}},"14":{"start":{"line":43,"column":16},"end":{"line":43,"column":59}},"15":{"start":{"line":46,"column":12},"end":{"line":54,"column":15}},"16":{"start":{"line":56,"column":12},"end":{"line":56,"column":91}},"17":{"start":{"line":59,"column":8},"end":{"line":59,"column":73}},"18":{"start":{"line":66,"column":0},"end":{"line":91,"column":2}},"19":{"start":{"line":67,"column":4},"end":{"line":90,"column":5}},"20":{"start":{"line":68,"column":36},"end":{"line":68,"column":44}},"21":{"start":{"line":71,"column":21},"end":{"line":71,"column":70}},"22":{"start":{"line":73,"column":8},"end":{"line":87,"column":9}},"23":{"start":{"line":74,"column":33},"end":{"line":82,"column":13}},"24":{"start":{"line":83,"column":12},"end":{"line":83,"column":85}},"25":{"start":{"line":84,"column":12},"end":{"line":84,"column":35}},"26":{"start":{"line":86,"column":12},"end":{"line":86,"column":108}},"27":{"start":{"line":89,"column":8},"end":{"line":89,"column":73}},"28":{"start":{"line":95,"column":0},"end":{"line":106,"column":2}},"29":{"start":{"line":96,"column":4},"end":{"line":105,"column":5}},"30":{"start":{"line":97,"column":26},"end":{"line":97,"column":34}},"31":{"start":{"line":98,"column":21},"end":{"line":98,"column":50}},"32":{"start":{"line":99,"column":8},"end":{"line":102,"column":11}},"33":{"start":{"line":104,"column":8},"end":{"line":104,"column":73}},"34":{"start":{"line":111,"column":0},"end":{"line":148,"column":2}},"35":{"start":{"line":112,"column":4},"end":{"line":147,"column":5}},"36":{"start":{"line":113,"column":21},"end":{"line":113,"column":66}},"37":{"start":{"line":114,"column":8},"end":{"line":116,"column":9}},"38":{"start":{"line":115,"column":12},"end":{"line":115,"column":99}},"39":{"start":{"line":119,"column":26},"end":{"line":119,"column":80}},"40":{"start":{"line":122,"column":8},"end":{"line":122,"column":94}},"41":{"start":{"line":123,"column":8},"end":{"line":123,"column":63}},"42":{"start":{"line":125,"column":8},"end":{"line":125,"column":55}},"43":{"start":{"line":127,"column":8},"end":{"line":144,"column":9}},"44":{"start":{"line":128,"column":12},"end":{"line":137,"column":15}},"45":{"start":{"line":138,"column":12},"end":{"line":138,"column":75}},"46":{"start":{"line":140,"column":12},"end":{"line":140,"column":48}},"47":{"start":{"line":141,"column":12},"end":{"line":141,"column":49}},"48":{"start":{"line":142,"column":12},"end":{"line":142,"column":59}},"49":{"start":{"line":143,"column":12},"end":{"line":143,"column":96}},"50":{"start":{"line":146,"column":8},"end":{"line":146,"column":73}},"51":{"start":{"line":153,"column":0},"end":{"line":172,"column":2}},"52":{"start":{"line":154,"column":4},"end":{"line":171,"column":5}},"53":{"start":{"line":155,"column":32},"end":{"line":155,"column":40}},"54":{"start":{"line":156,"column":35},"end":{"line":156,"column":89}},"55":{"start":{"line":158,"column":21},"end":{"line":162,"column":10}},"56":{"start":{"line":164,"column":8},"end":{"line":166,"column":9}},"57":{"start":{"line":165,"column":12},"end":{"line":165,"column":96}},"58":{"start":{"line":168,"column":8},"end":{"line":168,"column":74}},"59":{"start":{"line":170,"column":8},"end":{"line":170,"column":73}},"60":{"start":{"line":177,"column":0},"end":{"line":203,"column":2}},"61":{"start":{"line":178,"column":4},"end":{"line":202,"column":5}},"62":{"start":{"line":179,"column":42},"end":{"line":179,"column":50}},"63":{"start":{"line":180,"column":35},"end":{"line":180,"column":89}},"64":{"start":{"line":182,"column":21},"end":{"line":186,"column":10}},"65":{"start":{"line":188,"column":8},"end":{"line":190,"column":9}},"66":{"start":{"line":189,"column":12},"end":{"line":189,"column":96}},"67":{"start":{"line":193,"column":8},"end":{"line":193,"column":33}},"68":{"start":{"line":194,"column":8},"end":{"line":194,"column":44}},"69":{"start":{"line":195,"column":8},"end":{"line":195,"column":45}},"70":{"start":{"line":197,"column":8},"end":{"line":197,"column":26}},"71":{"start":{"line":199,"column":8},"end":{"line":199,"column":90}},"72":{"start":{"line":201,"column":8},"end":{"line":201,"column":73}}},"fnMap":{"0":{"name":"(anonymous_0)","decl":{"start":{"line":9,"column":19},"end":{"line":9,"column":20}},"loc":{"start":{"line":9,"column":39},"end":{"line":61,"column":1}},"line":9},"1":{"name":"(anonymous_1)","decl":{"start":{"line":66,"column":16},"end":{"line":66,"column":17}},"loc":{"start":{"line":66,"column":36},"end":{"line":91,"column":1}},"line":66},"2":{"name":"(anonymous_2)","decl":{"start":{"line":95,"column":21},"end":{"line":95,"column":22}},"loc":{"start":{"line":95,"column":41},"end":{"line":106,"column":1}},"line":95},"3":{"name":"(anonymous_3)","decl":{"start":{"line":111,"column":25},"end":{"line":111,"column":26}},"loc":{"start":{"line":111,"column":45},"end":{"line":148,"column":1}},"line":111},"4":{"name":"(anonymous_4)","decl":{"start":{"line":153,"column":21},"end":{"line":153,"column":22}},"loc":{"start":{"line":153,"column":41},"end":{"line":172,"column":1}},"line":153},"5":{"name":"(anonymous_5)","decl":{"start":{"line":177,"column":24},"end":{"line":177,"column":25}},"loc":{"start":{"line":177,"column":44},"end":{"line":203,"column":1}},"line":177}},"branchMap":{"0":{"loc":{"start":{"line":15,"column":8},"end":{"line":17,"column":9}},"type":"if","locations":[{"start":{"line":15,"column":8},"end":{"line":17,"column":9}},{"start":{},"end":{}}],"line":15},"1":{"loc":{"start":{"line":27,"column":8},"end":{"line":57,"column":9}},"type":"if","locations":[{"start":{"line":27,"column":8},"end":{"line":57,"column":9}},{"start":{"line":55,"column":15},"end":{"line":57,"column":9}}],"line":27},"2":{"loc":{"start":{"line":73,"column":8},"end":{"line":87,"column":9}},"type":"if","locations":[{"start":{"line":73,"column":8},"end":{"line":87,"column":9}},{"start":{"line":85,"column":15},"end":{"line":87,"column":9}}],"line":73},"3":{"loc":{"start":{"line":73,"column":12},"end":{"line":73,"column":56}},"type":"binary-expr","locations":[{"start":{"line":73,"column":12},"end":{"line":73,"column":16}},{"start":{"line":73,"column":21},"end":{"line":73,"column":55}}],"line":73},"4":{"loc":{"start":{"line":114,"column":8},"end":{"line":116,"column":9}},"type":"if","locations":[{"start":{"line":114,"column":8},"end":{"line":116,"column":9}},{"start":{},"end":{}}],"line":114},"5":{"loc":{"start":{"line":164,"column":8},"end":{"line":166,"column":9}},"type":"if","locations":[{"start":{"line":164,"column":8},"end":{"line":166,"column":9}},{"start":{},"end":{}}],"line":164},"6":{"loc":{"start":{"line":188,"column":8},"end":{"line":190,"column":9}},"type":"if","locations":[{"start":{"line":188,"column":8},"end":{"line":190,"column":9}},{"start":{},"end":{}}],"line":188}},"s":{"0":2,"1":2,"2":2,"3":2,"4":2,"5":5,"6":5,"7":5,"8":5,"9":1,"10":4,"11":4,"12":4,"13":4,"14":0,"15":4,"16":0,"17":0,"18":2,"19":2,"20":2,"21":2,"22":2,"23":1,"24":1,"25":1,"26":1,"27":0,"28":2,"29":0,"30":0,"31":0,"32":0,"33":0,"34":2,"35":0,"36":0,"37":0,"38":0,"39":0,"40":0,"41":0,"42":0,"43":0,"44":0,"45":0,"46":0,"47":0,"48":0,"49":0,"50":0,"51":2,"52":0,"53":0,"54":0,"55":0,"56":0,"57":0,"58":0,"59":0,"60":2,"61":0,"62":0,"63":0,"64":0,"65":0,"66":0,"67":0,"68":0,"69":0,"70":0,"71":0,"72":0},"f":{"0":5,"1":2,"2":0,"3":0,"4":0,"5":0},"b":{"0":[1,4],"1":[4,0],"2":[1,1],"3":[2,1],"4":[0,0],"5":[0,0],"6":[0,0]},"_coverageSchema":"1a1c01bbd47fc00a2c39e90264f33305004495a9","hash":"e0ad3ca83a6fc45dd2eb295f87cc6a55d4256a92"}
,"C:\\Users\\we can\\Desktop\\Topia\\mens-ecommerce\\backend\\src\\controllers\\categoryController.js": {"path":"C:\\Users\\we can\\Desktop\\Topia\\mens-ecommerce\\backend\\src\\controllers\\categoryController.js","statementMap":{"0":{"start":{"line":1,"column":17},"end":{"line":1,"column":46}},"1":{"start":{"line":6,"column":0},"end":{"line":16,"column":2}},"2":{"start":{"line":7,"column":4},"end":{"line":15,"column":5}},"3":{"start":{"line":8,"column":25},"end":{"line":8,"column":56}},"4":{"start":{"line":9,"column":8},"end":{"line":9,"column":64}},"5":{"start":{"line":11,"column":8},"end":{"line":13,"column":9}},"6":{"start":{"line":12,"column":12},"end":{"line":12,"column":95}},"7":{"start":{"line":14,"column":8},"end":{"line":14,"column":73}},"8":{"start":{"line":21,"column":0},"end":{"line":28,"column":2}},"9":{"start":{"line":22,"column":4},"end":{"line":27,"column":5}},"10":{"start":{"line":23,"column":27},"end":{"line":23,"column":82}},"11":{"start":{"line":24,"column":8},"end":{"line":24,"column":80}},"12":{"start":{"line":26,"column":8},"end":{"line":26,"column":73}},"13":{"start":{"line":33,"column":0},"end":{"line":43,"column":2}},"14":{"start":{"line":34,"column":4},"end":{"line":42,"column":5}},"15":{"start":{"line":35,"column":25},"end":{"line":35,"column":63}},"16":{"start":{"line":36,"column":8},"end":{"line":38,"column":9}},"17":{"start":{"line":37,"column":12},"end":{"line":37,"column":89}},"18":{"start":{"line":39,"column":8},"end":{"line":39,"column":52}},"19":{"start":{"line":41,"column":8},"end":{"line":41,"column":73}},"20":{"start":{"line":48,"column":0},"end":{"line":68,"column":2}},"21":{"start":{"line":49,"column":4},"end":{"line":67,"column":5}},"22":{"start":{"line":51,"column":8},"end":{"line":53,"column":9}},"23":{"start":{"line":52,"column":12},"end":{"line":52,"column":77}},"24":{"start":{"line":55,"column":25},"end":{"line":58,"column":10}},"25":{"start":{"line":60,"column":8},"end":{"line":62,"column":9}},"26":{"start":{"line":61,"column":12},"end":{"line":61,"column":89}},"27":{"start":{"line":64,"column":8},"end":{"line":64,"column":52}},"28":{"start":{"line":66,"column":8},"end":{"line":66,"column":73}},"29":{"start":{"line":73,"column":0},"end":{"line":87,"column":2}},"30":{"start":{"line":74,"column":4},"end":{"line":86,"column":5}},"31":{"start":{"line":75,"column":25},"end":{"line":75,"column":63}},"32":{"start":{"line":77,"column":8},"end":{"line":79,"column":9}},"33":{"start":{"line":78,"column":12},"end":{"line":78,"column":89}},"34":{"start":{"line":81,"column":8},"end":{"line":81,"column":35}},"35":{"start":{"line":83,"column":8},"end":{"line":83,"column":67}},"36":{"start":{"line":85,"column":8},"end":{"line":85,"column":73}}},"fnMap":{"0":{"name":"(anonymous_0)","decl":{"start":{"line":6,"column":25},"end":{"line":6,"column":26}},"loc":{"start":{"line":6,"column":45},"end":{"line":16,"column":1}},"line":6},"1":{"name":"(anonymous_1)","decl":{"start":{"line":21,"column":27},"end":{"line":21,"column":28}},"loc":{"start":{"line":21,"column":47},"end":{"line":28,"column":1}},"line":21},"2":{"name":"(anonymous_2)","decl":{"start":{"line":33,"column":26},"end":{"line":33,"column":27}},"loc":{"start":{"line":33,"column":46},"end":{"line":43,"column":1}},"line":33},"3":{"name":"(anonymous_3)","decl":{"start":{"line":48,"column":25},"end":{"line":48,"column":26}},"loc":{"start":{"line":48,"column":45},"end":{"line":68,"column":1}},"line":48},"4":{"name":"(anonymous_4)","decl":{"start":{"line":73,"column":25},"end":{"line":73,"column":26}},"loc":{"start":{"line":73,"column":45},"end":{"line":87,"column":1}},"line":73}},"branchMap":{"0":{"loc":{"start":{"line":11,"column":8},"end":{"line":13,"column":9}},"type":"if","locations":[{"start":{"line":11,"column":8},"end":{"line":13,"column":9}},{"start":{},"end":{}}],"line":11},"1":{"loc":{"start":{"line":36,"column":8},"end":{"line":38,"column":9}},"type":"if","locations":[{"start":{"line":36,"column":8},"end":{"line":38,"column":9}},{"start":{},"end":{}}],"line":36},"2":{"loc":{"start":{"line":51,"column":8},"end":{"line":53,"column":9}},"type":"if","locations":[{"start":{"line":51,"column":8},"end":{"line":53,"column":9}},{"start":{},"end":{}}],"line":51},"3":{"loc":{"start":{"line":60,"column":8},"end":{"line":62,"column":9}},"type":"if","locations":[{"start":{"line":60,"column":8},"end":{"line":62,"column":9}},{"start":{},"end":{}}],"line":60},"4":{"loc":{"start":{"line":77,"column":8},"end":{"line":79,"column":9}},"type":"if","locations":[{"start":{"line":77,"column":8},"end":{"line":79,"column":9}},{"start":{},"end":{}}],"line":77}},"s":{"0":2,"1":2,"2":0,"3":0,"4":0,"5":0,"6":0,"7":0,"8":2,"9":0,"10":0,"11":0,"12":0,"13":2,"14":0,"15":0,"16":0,"17":0,"18":0,"19":0,"20":2,"21":0,"22":0,"23":0,"24":0,"25":0,"26":0,"27":0,"28":0,"29":2,"30":0,"31":0,"32":0,"33":0,"34":0,"35":0,"36":0},"f":{"0":0,"1":0,"2":0,"3":0,"4":0},"b":{"0":[0,0],"1":[0,0],"2":[0,0],"3":[0,0],"4":[0,0]},"_coverageSchema":"1a1c01bbd47fc00a2c39e90264f33305004495a9","hash":"ae6a195cc1aa41bef7f36ddc753bdcffd6e4218a"}
,"C:\\Users\\we can\\Desktop\\Topia\\mens-ecommerce\\backend\\src\\controllers\\couponController.js": {"path":"C:\\Users\\we can\\Desktop\\Topia\\mens-ecommerce\\backend\\src\\controllers\\couponController.js","statementMap":{"0":{"start":{"line":1,"column":15},"end":{"line":1,"column":42}},"1":{"start":{"line":6,"column":0},"end":{"line":25,"column":2}},"2":{"start":{"line":7,"column":4},"end":{"line":24,"column":5}},"3":{"start":{"line":8,"column":47},"end":{"line":8,"column":55}},"4":{"start":{"line":10,"column":29},"end":{"line":10,"column":59}},"5":{"start":{"line":11,"column":8},"end":{"line":13,"column":9}},"6":{"start":{"line":12,"column":12},"end":{"line":12,"column":93}},"7":{"start":{"line":15,"column":23},"end":{"line":19,"column":10}},"8":{"start":{"line":21,"column":8},"end":{"line":21,"column":62}},"9":{"start":{"line":23,"column":8},"end":{"line":23,"column":73}},"10":{"start":{"line":30,"column":0},"end":{"line":58,"column":2}},"11":{"start":{"line":31,"column":4},"end":{"line":57,"column":5}},"12":{"start":{"line":32,"column":25},"end":{"line":32,"column":33}},"13":{"start":{"line":34,"column":23},"end":{"line":34,"column":73}},"14":{"start":{"line":36,"column":8},"end":{"line":38,"column":9}},"15":{"start":{"line":37,"column":12},"end":{"line":37,"column":89}},"16":{"start":{"line":40,"column":8},"end":{"line":42,"column":9}},"17":{"start":{"line":41,"column":12},"end":{"line":41,"column":88}},"18":{"start":{"line":44,"column":8},"end":{"line":46,"column":9}},"19":{"start":{"line":45,"column":12},"end":{"line":45,"column":93}},"20":{"start":{"line":48,"column":8},"end":{"line":54,"column":11}},"21":{"start":{"line":56,"column":8},"end":{"line":56,"column":73}},"22":{"start":{"line":63,"column":0},"end":{"line":70,"column":2}},"23":{"start":{"line":64,"column":4},"end":{"line":69,"column":5}},"24":{"start":{"line":65,"column":24},"end":{"line":65,"column":45}},"25":{"start":{"line":66,"column":8},"end":{"line":66,"column":51}},"26":{"start":{"line":68,"column":8},"end":{"line":68,"column":73}},"27":{"start":{"line":75,"column":0},"end":{"line":87,"column":2}},"28":{"start":{"line":76,"column":4},"end":{"line":86,"column":5}},"29":{"start":{"line":77,"column":23},"end":{"line":77,"column":59}},"30":{"start":{"line":78,"column":8},"end":{"line":83,"column":9}},"31":{"start":{"line":79,"column":12},"end":{"line":79,"column":37}},"32":{"start":{"line":80,"column":12},"end":{"line":80,"column":67}},"33":{"start":{"line":82,"column":12},"end":{"line":82,"column":83}},"34":{"start":{"line":85,"column":8},"end":{"line":85,"column":73}}},"fnMap":{"0":{"name":"(anonymous_0)","decl":{"start":{"line":6,"column":23},"end":{"line":6,"column":24}},"loc":{"start":{"line":6,"column":43},"end":{"line":25,"column":1}},"line":6},"1":{"name":"(anonymous_1)","decl":{"start":{"line":30,"column":25},"end":{"line":30,"column":26}},"loc":{"start":{"line":30,"column":45},"end":{"line":58,"column":1}},"line":30},"2":{"name":"(anonymous_2)","decl":{"start":{"line":63,"column":24},"end":{"line":63,"column":25}},"loc":{"start":{"line":63,"column":44},"end":{"line":70,"column":1}},"line":63},"3":{"name":"(anonymous_3)","decl":{"start":{"line":75,"column":23},"end":{"line":75,"column":24}},"loc":{"start":{"line":75,"column":43},"end":{"line":87,"column":1}},"line":75}},"branchMap":{"0":{"loc":{"start":{"line":11,"column":8},"end":{"line":13,"column":9}},"type":"if","locations":[{"start":{"line":11,"column":8},"end":{"line":13,"column":9}},{"start":{},"end":{}}],"line":11},"1":{"loc":{"start":{"line":36,"column":8},"end":{"line":38,"column":9}},"type":"if","locations":[{"start":{"line":36,"column":8},"end":{"line":38,"column":9}},{"start":{},"end":{}}],"line":36},"2":{"loc":{"start":{"line":40,"column":8},"end":{"line":42,"column":9}},"type":"if","locations":[{"start":{"line":40,"column":8},"end":{"line":42,"column":9}},{"start":{},"end":{}}],"line":40},"3":{"loc":{"start":{"line":44,"column":8},"end":{"line":46,"column":9}},"type":"if","locations":[{"start":{"line":44,"column":8},"end":{"line":46,"column":9}},{"start":{},"end":{}}],"line":44},"4":{"loc":{"start":{"line":78,"column":8},"end":{"line":83,"column":9}},"type":"if","locations":[{"start":{"line":78,"column":8},"end":{"line":83,"column":9}},{"start":{"line":81,"column":15},"end":{"line":83,"column":9}}],"line":78}},"s":{"0":2,"1":2,"2":0,"3":0,"4":0,"5":0,"6":0,"7":0,"8":0,"9":0,"10":2,"11":0,"12":0,"13":0,"14":0,"15":0,"16":0,"17":0,"18":0,"19":0,"20":0,"21":0,"22":2,"23":0,"24":0,"25":0,"26":0,"27":2,"28":0,"29":0,"30":0,"31":0,"32":0,"33":0,"34":0},"f":{"0":0,"1":0,"2":0,"3":0},"b":{"0":[0,0],"1":[0,0],"2":[0,0],"3":[0,0],"4":[0,0]},"_coverageSchema":"1a1c01bbd47fc00a2c39e90264f33305004495a9","hash":"bdb1a73c4c69205489e42865ad0dbff2a226df27"}
,"C:\\Users\\we can\\Desktop\\Topia\\mens-ecommerce\\backend\\src\\controllers\\orderController.js": {"path":"C:\\Users\\we can\\Desktop\\Topia\\mens-ecommerce\\backend\\src\\controllers\\orderController.js","statementMap":{"0":{"start":{"line":1,"column":14},"end":{"line":1,"column":40}},"1":{"start":{"line":2,"column":18},"end":{"line":2,"column":47}},"2":{"start":{"line":7,"column":0},"end":{"line":81,"column":2}},"3":{"start":{"line":8,"column":4},"end":{"line":80,"column":5}},"4":{"start":{"line":18,"column":12},"end":{"line":18,"column":20}},"5":{"start":{"line":20,"column":8},"end":{"line":77,"column":9}},"6":{"start":{"line":21,"column":12},"end":{"line":21,"column":95}},"7":{"start":{"line":23,"column":30},"end":{"line":34,"column":13}},"8":{"start":{"line":36,"column":12},"end":{"line":38,"column":13}},"9":{"start":{"line":37,"column":16},"end":{"line":37,"column":46}},"10":{"start":{"line":40,"column":26},"end":{"line":40,"column":46}},"11":{"start":{"line":41,"column":33},"end":{"line":41,"column":51}},"12":{"start":{"line":44,"column":12},"end":{"line":64,"column":13}},"13":{"start":{"line":45,"column":39},"end":{"line":45,"column":92}},"14":{"start":{"line":46,"column":38},"end":{"line":46,"column":89}},"15":{"start":{"line":48,"column":16},"end":{"line":61,"column":17}},"16":{"start":{"line":49,"column":20},"end":{"line":60,"column":23}},"17":{"start":{"line":63,"column":16},"end":{"line":63,"column":57}},"18":{"start":{"line":67,"column":12},"end":{"line":74,"column":13}},"19":{"start":{"line":68,"column":16},"end":{"line":73,"column":19}},"20":{"start":{"line":76,"column":12},"end":{"line":76,"column":72}},"21":{"start":{"line":79,"column":8},"end":{"line":79,"column":73}},"22":{"start":{"line":86,"column":0},"end":{"line":98,"column":2}},"23":{"start":{"line":87,"column":4},"end":{"line":97,"column":5}},"24":{"start":{"line":88,"column":22},"end":{"line":88,"column":88}},"25":{"start":{"line":90,"column":8},"end":{"line":94,"column":9}},"26":{"start":{"line":91,"column":12},"end":{"line":91,"column":53}},"27":{"start":{"line":93,"column":12},"end":{"line":93,"column":81}},"28":{"start":{"line":96,"column":8},"end":{"line":96,"column":73}},"29":{"start":{"line":103,"column":0},"end":{"line":126,"column":2}},"30":{"start":{"line":104,"column":4},"end":{"line":125,"column":5}},"31":{"start":{"line":105,"column":22},"end":{"line":105,"column":57}},"32":{"start":{"line":107,"column":8},"end":{"line":121,"column":9}},"33":{"start":{"line":108,"column":12},"end":{"line":108,"column":32}},"34":{"start":{"line":109,"column":12},"end":{"line":109,"column":38}},"35":{"start":{"line":110,"column":12},"end":{"line":115,"column":14}},"36":{"start":{"line":117,"column":33},"end":{"line":117,"column":51}},"37":{"start":{"line":118,"column":12},"end":{"line":118,"column":60}},"38":{"start":{"line":120,"column":12},"end":{"line":120,"column":81}},"39":{"start":{"line":123,"column":8},"end":{"line":123,"column":54}},"40":{"start":{"line":124,"column":8},"end":{"line":124,"column":73}},"41":{"start":{"line":131,"column":0},"end":{"line":170,"column":2}},"42":{"start":{"line":132,"column":4},"end":{"line":169,"column":5}},"43":{"start":{"line":133,"column":22},"end":{"line":133,"column":88}},"44":{"start":{"line":135,"column":8},"end":{"line":166,"column":9}},"45":{"start":{"line":136,"column":12},"end":{"line":136,"column":37}},"46":{"start":{"line":137,"column":12},"end":{"line":137,"column":43}},"47":{"start":{"line":139,"column":33},"end":{"line":139,"column":51}},"48":{"start":{"line":142,"column":12},"end":{"line":161,"column":13}},"49":{"start":{"line":143,"column":39},"end":{"line":143,"column":93}},"50":{"start":{"line":144,"column":38},"end":{"line":144,"column":90}},"51":{"start":{"line":146,"column":16},"end":{"line":158,"column":17}},"52":{"start":{"line":147,"column":20},"end":{"line":157,"column":23}},"53":{"start":{"line":160,"column":16},"end":{"line":160,"column":60}},"54":{"start":{"line":163,"column":12},"end":{"line":163,"column":60}},"55":{"start":{"line":165,"column":12},"end":{"line":165,"column":81}},"56":{"start":{"line":168,"column":8},"end":{"line":168,"column":73}},"57":{"start":{"line":175,"column":0},"end":{"line":182,"column":2}},"58":{"start":{"line":176,"column":4},"end":{"line":181,"column":5}},"59":{"start":{"line":177,"column":23},"end":{"line":177,"column":63}},"60":{"start":{"line":178,"column":8},"end":{"line":178,"column":50}},"61":{"start":{"line":180,"column":8},"end":{"line":180,"column":73}},"62":{"start":{"line":187,"column":0},"end":{"line":194,"column":2}},"63":{"start":{"line":188,"column":4},"end":{"line":193,"column":5}},"64":{"start":{"line":189,"column":23},"end":{"line":189,"column":71}},"65":{"start":{"line":190,"column":8},"end":{"line":190,"column":50}},"66":{"start":{"line":192,"column":8},"end":{"line":192,"column":73}}},"fnMap":{"0":{"name":"(anonymous_0)","decl":{"start":{"line":7,"column":24},"end":{"line":7,"column":25}},"loc":{"start":{"line":7,"column":44},"end":{"line":81,"column":1}},"line":7},"1":{"name":"(anonymous_1)","decl":{"start":{"line":86,"column":23},"end":{"line":86,"column":24}},"loc":{"start":{"line":86,"column":43},"end":{"line":98,"column":1}},"line":86},"2":{"name":"(anonymous_2)","decl":{"start":{"line":103,"column":28},"end":{"line":103,"column":29}},"loc":{"start":{"line":103,"column":48},"end":{"line":126,"column":1}},"line":103},"3":{"name":"(anonymous_3)","decl":{"start":{"line":131,"column":33},"end":{"line":131,"column":34}},"loc":{"start":{"line":131,"column":53},"end":{"line":170,"column":1}},"line":131},"4":{"name":"(anonymous_4)","decl":{"start":{"line":175,"column":22},"end":{"line":175,"column":23}},"loc":{"start":{"line":175,"column":42},"end":{"line":182,"column":1}},"line":175},"5":{"name":"(anonymous_5)","decl":{"start":{"line":187,"column":20},"end":{"line":187,"column":21}},"loc":{"start":{"line":187,"column":40},"end":{"line":194,"column":1}},"line":187}},"branchMap":{"0":{"loc":{"start":{"line":20,"column":8},"end":{"line":77,"column":9}},"type":"if","locations":[{"start":{"line":20,"column":8},"end":{"line":77,"column":9}},{"start":{"line":22,"column":15},"end":{"line":77,"column":9}}],"line":20},"1":{"loc":{"start":{"line":20,"column":12},"end":{"line":20,"column":49}},"type":"binary-expr","locations":[{"start":{"line":20,"column":12},"end":{"line":20,"column":22}},{"start":{"line":20,"column":26},"end":{"line":20,"column":49}}],"line":20},"2":{"loc":{"start":{"line":33,"column":27},"end":{"line":33,"column":69}},"type":"cond-expr","locations":[{"start":{"line":33,"column":39},"end":{"line":33,"column":57}},{"start":{"line":33,"column":60},"end":{"line":33,"column":69}}],"line":33},"3":{"loc":{"start":{"line":36,"column":12},"end":{"line":38,"column":13}},"type":"if","locations":[{"start":{"line":36,"column":12},"end":{"line":38,"column":13}},{"start":{},"end":{}}],"line":36},"4":{"loc":{"start":{"line":45,"column":39},"end":{"line":45,"column":92}},"type":"cond-expr","locations":[{"start":{"line":45,"column":50},"end":{"line":45,"column":64}},{"start":{"line":45,"column":67},"end":{"line":45,"column":92}}],"line":45},"5":{"loc":{"start":{"line":46,"column":38},"end":{"line":46,"column":89}},"type":"cond-expr","locations":[{"start":{"line":46,"column":49},"end":{"line":46,"column":62}},{"start":{"line":46,"column":65},"end":{"line":46,"column":89}}],"line":46},"6":{"loc":{"start":{"line":48,"column":16},"end":{"line":61,"column":17}},"type":"if","locations":[{"start":{"line":48,"column":16},"end":{"line":61,"column":17}},{"start":{},"end":{}}],"line":48},"7":{"loc":{"start":{"line":67,"column":12},"end":{"line":74,"column":13}},"type":"if","locations":[{"start":{"line":67,"column":12},"end":{"line":74,"column":13}},{"start":{},"end":{}}],"line":67},"8":{"loc":{"start":{"line":71,"column":26},"end":{"line":71,"column":77}},"type":"cond-expr","locations":[{"start":{"line":71,"column":37},"end":{"line":71,"column":50}},{"start":{"line":71,"column":53},"end":{"line":71,"column":77}}],"line":71},"9":{"loc":{"start":{"line":90,"column":8},"end":{"line":94,"column":9}},"type":"if","locations":[{"start":{"line":90,"column":8},"end":{"line":94,"column":9}},{"start":{"line":92,"column":15},"end":{"line":94,"column":9}}],"line":90},"10":{"loc":{"start":{"line":107,"column":8},"end":{"line":121,"column":9}},"type":"if","locations":[{"start":{"line":107,"column":8},"end":{"line":121,"column":9}},{"start":{"line":119,"column":15},"end":{"line":121,"column":9}}],"line":107},"11":{"loc":{"start":{"line":111,"column":20},"end":{"line":111,"column":57}},"type":"binary-expr","locations":[{"start":{"line":111,"column":20},"end":{"line":111,"column":31}},{"start":{"line":111,"column":35},"end":{"line":111,"column":57}}],"line":111},"12":{"loc":{"start":{"line":112,"column":24},"end":{"line":112,"column":54}},"type":"binary-expr","locations":[{"start":{"line":112,"column":24},"end":{"line":112,"column":39}},{"start":{"line":112,"column":43},"end":{"line":112,"column":54}}],"line":112},"13":{"loc":{"start":{"line":113,"column":29},"end":{"line":113,"column":77}},"type":"binary-expr","locations":[{"start":{"line":113,"column":29},"end":{"line":113,"column":49}},{"start":{"line":113,"column":53},"end":{"line":113,"column":77}}],"line":113},"14":{"loc":{"start":{"line":114,"column":31},"end":{"line":114,"column":75}},"type":"binary-expr","locations":[{"start":{"line":114,"column":31},"end":{"line":114,"column":53}},{"start":{"line":114,"column":57},"end":{"line":114,"column":75}}],"line":114},"15":{"loc":{"start":{"line":135,"column":8},"end":{"line":166,"column":9}},"type":"if","locations":[{"start":{"line":135,"column":8},"end":{"line":166,"column":9}},{"start":{"line":164,"column":15},"end":{"line":166,"column":9}}],"line":135},"16":{"loc":{"start":{"line":143,"column":39},"end":{"line":143,"column":93}},"type":"cond-expr","locations":[{"start":{"line":143,"column":52},"end":{"line":143,"column":68}},{"start":{"line":143,"column":71},"end":{"line":143,"column":93}}],"line":143},"17":{"loc":{"start":{"line":144,"column":38},"end":{"line":144,"column":90}},"type":"cond-expr","locations":[{"start":{"line":144,"column":51},"end":{"line":144,"column":66}},{"start":{"line":144,"column":69},"end":{"line":144,"column":90}}],"line":144},"18":{"loc":{"start":{"line":146,"column":16},"end":{"line":158,"column":17}},"type":"if","locations":[{"start":{"line":146,"column":16},"end":{"line":158,"column":17}},{"start":{},"end":{}}],"line":146}},"s":{"0":2,"1":2,"2":2,"3":0,"4":0,"5":0,"6":0,"7":0,"8":0,"9":0,"10":0,"11":0,"12":0,"13":0,"14":0,"15":0,"16":0,"17":0,"18":0,"19":0,"20":0,"21":0,"22":2,"23":0,"24":0,"25":0,"26":0,"27":0,"28":0,"29":2,"30":0,"31":0,"32":0,"33":0,"34":0,"35":0,"36":0,"37":0,"38":0,"39":0,"40":0,"41":2,"42":0,"43":0,"44":0,"45":0,"46":0,"47":0,"48":0,"49":0,"50":0,"51":0,"52":0,"53":0,"54":0,"55":0,"56":0,"57":2,"58":0,"59":0,"60":0,"61":0,"62":2,"63":0,"64":0,"65":0,"66":0},"f":{"0":0,"1":0,"2":0,"3":0,"4":0,"5":0},"b":{"0":[0,0],"1":[0,0],"2":[0,0],"3":[0,0],"4":[0,0],"5":[0,0],"6":[0,0],"7":[0,0],"8":[0,0],"9":[0,0],"10":[0,0],"11":[0,0],"12":[0,0],"13":[0,0],"14":[0,0],"15":[0,0],"16":[0,0],"17":[0,0],"18":[0,0]},"_coverageSchema":"1a1c01bbd47fc00a2c39e90264f33305004495a9","hash":"17f7fda628603a81f7ecd318650911e80079dee1"}
,"C:\\Users\\we can\\Desktop\\Topia\\mens-ecommerce\\backend\\src\\controllers\\paymentController.js": {"path":"C:\\Users\\we can\\Desktop\\Topia\\mens-ecommerce\\backend\\src\\controllers\\paymentController.js","statementMap":{"0":{"start":{"line":1,"column":15},"end":{"line":1,"column":32}},"1":{"start":{"line":2,"column":15},"end":{"line":2,"column":32}},"2":{"start":{"line":3,"column":0},"end":{"line":3,"column":16}},"3":{"start":{"line":5,"column":15},"end":{"line":5,"column":91}},"4":{"start":{"line":10,"column":0},"end":{"line":32,"column":2}},"5":{"start":{"line":11,"column":4},"end":{"line":31,"column":5}},"6":{"start":{"line":12,"column":8},"end":{"line":14,"column":9}},"7":{"start":{"line":13,"column":12},"end":{"line":13,"column":103}},"8":{"start":{"line":15,"column":45},"end":{"line":15,"column":53}},"9":{"start":{"line":18,"column":30},"end":{"line":24,"column":10}},"10":{"start":{"line":26,"column":8},"end":{"line":28,"column":11}},"11":{"start":{"line":30,"column":8},"end":{"line":30,"column":55}},"12":{"start":{"line":37,"column":0},"end":{"line":41,"column":2}},"13":{"start":{"line":38,"column":4},"end":{"line":40,"column":7}}},"fnMap":{"0":{"name":"(anonymous_0)","decl":{"start":{"line":10,"column":30},"end":{"line":10,"column":31}},"loc":{"start":{"line":10,"column":50},"end":{"line":32,"column":1}},"line":10},"1":{"name":"(anonymous_1)","decl":{"start":{"line":37,"column":26},"end":{"line":37,"column":27}},"loc":{"start":{"line":37,"column":40},"end":{"line":41,"column":1}},"line":37}},"branchMap":{"0":{"loc":{"start":{"line":5,"column":15},"end":{"line":5,"column":91}},"type":"cond-expr","locations":[{"start":{"line":5,"column":47},"end":{"line":5,"column":84}},{"start":{"line":5,"column":87},"end":{"line":5,"column":91}}],"line":5},"1":{"loc":{"start":{"line":12,"column":8},"end":{"line":14,"column":9}},"type":"if","locations":[{"start":{"line":12,"column":8},"end":{"line":14,"column":9}},{"start":{},"end":{}}],"line":12},"2":{"loc":{"start":{"line":15,"column":24},"end":{"line":15,"column":40}},"type":"default-arg","locations":[{"start":{"line":15,"column":35},"end":{"line":15,"column":40}}],"line":15}},"s":{"0":2,"1":2,"2":2,"3":2,"4":2,"5":0,"6":0,"7":0,"8":0,"9":0,"10":0,"11":0,"12":2,"13":0},"f":{"0":0,"1":0},"b":{"0":[0,2],"1":[0,0],"2":[0]},"_coverageSchema":"1a1c01bbd47fc00a2c39e90264f33305004495a9","hash":"7679eef88d3dac04e80804c2ac9bee957c38a75b"}
,"C:\\Users\\we can\\Desktop\\Topia\\mens-ecommerce\\backend\\src\\controllers\\productController.js": {"path":"C:\\Users\\we can\\Desktop\\Topia\\mens-ecommerce\\backend\\src\\controllers\\productController.js","statementMap":{"0":{"start":{"line":1,"column":16},"end":{"line":1,"column":44}},"1":{"start":{"line":2,"column":18},"end":{"line":2,"column":39}},"2":{"start":{"line":3,"column":21},"end":{"line":3,"column":51}},"3":{"start":{"line":6,"column":26},"end":{"line":8,"column":1}},"4":{"start":{"line":7,"column":4},"end":{"line":7,"column":28}},"5":{"start":{"line":13,"column":0},"end":{"line":24,"column":2}},"6":{"start":{"line":14,"column":4},"end":{"line":23,"column":5}},"7":{"start":{"line":16,"column":8},"end":{"line":16,"column":37}},"8":{"start":{"line":18,"column":24},"end":{"line":18,"column":54}},"9":{"start":{"line":19,"column":8},"end":{"line":19,"column":28}},"10":{"start":{"line":20,"column":8},"end":{"line":20,"column":63}},"11":{"start":{"line":22,"column":8},"end":{"line":22,"column":73}},"12":{"start":{"line":29,"column":0},"end":{"line":93,"column":2}},"13":{"start":{"line":30,"column":4},"end":{"line":92,"column":5}},"14":{"start":{"line":31,"column":25},"end":{"line":31,"column":40}},"15":{"start":{"line":32,"column":27},"end":{"line":32,"column":53}},"16":{"start":{"line":34,"column":8},"end":{"line":36,"column":9}},"17":{"start":{"line":35,"column":12},"end":{"line":35,"column":40}},"18":{"start":{"line":39,"column":25},"end":{"line":39,"column":41}},"19":{"start":{"line":40,"column":31},"end":{"line":40,"column":77}},"20":{"start":{"line":41,"column":8},"end":{"line":41,"column":58}},"21":{"start":{"line":41,"column":37},"end":{"line":41,"column":56}},"22":{"start":{"line":44,"column":23},"end":{"line":44,"column":47}},"23":{"start":{"line":45,"column":8},"end":{"line":45,"column":82}},"24":{"start":{"line":45,"column":69},"end":{"line":45,"column":80}},"25":{"start":{"line":47,"column":20},"end":{"line":47,"column":83}},"26":{"start":{"line":50,"column":8},"end":{"line":58,"column":9}},"27":{"start":{"line":51,"column":28},"end":{"line":56,"column":13}},"28":{"start":{"line":57,"column":12},"end":{"line":57,"column":40}},"29":{"start":{"line":61,"column":8},"end":{"line":66,"column":9}},"30":{"start":{"line":62,"column":27},"end":{"line":62,"column":62}},"31":{"start":{"line":63,"column":12},"end":{"line":63,"column":39}},"32":{"start":{"line":65,"column":12},"end":{"line":65,"column":45}},"33":{"start":{"line":69,"column":21},"end":{"line":69,"column":54}},"34":{"start":{"line":70,"column":22},"end":{"line":70,"column":57}},"35":{"start":{"line":71,"column":21},"end":{"line":71,"column":39}},"36":{"start":{"line":73,"column":8},"end":{"line":73,"column":46}},"37":{"start":{"line":76,"column":25},"end":{"line":76,"column":36}},"38":{"start":{"line":77,"column":22},"end":{"line":77,"column":72}},"39":{"start":{"line":79,"column":29},"end":{"line":86,"column":9}},"40":{"start":{"line":88,"column":8},"end":{"line":88,"column":49}},"41":{"start":{"line":89,"column":8},"end":{"line":89,"column":31}},"42":{"start":{"line":91,"column":8},"end":{"line":91,"column":73}},"43":{"start":{"line":98,"column":0},"end":{"line":111,"column":2}},"44":{"start":{"line":99,"column":4},"end":{"line":110,"column":5}},"45":{"start":{"line":100,"column":24},"end":{"line":102,"column":37}},"46":{"start":{"line":104,"column":8},"end":{"line":106,"column":9}},"47":{"start":{"line":105,"column":12},"end":{"line":105,"column":89}},"48":{"start":{"line":107,"column":8},"end":{"line":107,"column":51}},"49":{"start":{"line":109,"column":8},"end":{"line":109,"column":73}},"50":{"start":{"line":116,"column":0},"end":{"line":137,"column":2}},"51":{"start":{"line":117,"column":4},"end":{"line":136,"column":5}},"52":{"start":{"line":119,"column":8},"end":{"line":121,"column":9}},"53":{"start":{"line":120,"column":12},"end":{"line":120,"column":96}},"54":{"start":{"line":123,"column":24},"end":{"line":126,"column":10}},"55":{"start":{"line":128,"column":8},"end":{"line":130,"column":9}},"56":{"start":{"line":129,"column":12},"end":{"line":129,"column":89}},"57":{"start":{"line":132,"column":8},"end":{"line":132,"column":28}},"58":{"start":{"line":133,"column":8},"end":{"line":133,"column":51}},"59":{"start":{"line":135,"column":8},"end":{"line":135,"column":73}},"60":{"start":{"line":142,"column":0},"end":{"line":156,"column":2}},"61":{"start":{"line":143,"column":4},"end":{"line":155,"column":5}},"62":{"start":{"line":144,"column":24},"end":{"line":144,"column":70}},"63":{"start":{"line":146,"column":8},"end":{"line":148,"column":9}},"64":{"start":{"line":147,"column":12},"end":{"line":147,"column":89}},"65":{"start":{"line":150,"column":8},"end":{"line":150,"column":28}},"66":{"start":{"line":151,"column":8},"end":{"line":151,"column":68}},"67":{"start":{"line":153,"column":8},"end":{"line":153,"column":46}},"68":{"start":{"line":154,"column":8},"end":{"line":154,"column":73}}},"fnMap":{"0":{"name":"(anonymous_0)","decl":{"start":{"line":6,"column":26},"end":{"line":6,"column":27}},"loc":{"start":{"line":6,"column":32},"end":{"line":8,"column":1}},"line":6},"1":{"name":"(anonymous_1)","decl":{"start":{"line":13,"column":24},"end":{"line":13,"column":25}},"loc":{"start":{"line":13,"column":44},"end":{"line":24,"column":1}},"line":13},"2":{"name":"(anonymous_2)","decl":{"start":{"line":29,"column":25},"end":{"line":29,"column":26}},"loc":{"start":{"line":29,"column":45},"end":{"line":93,"column":1}},"line":29},"3":{"name":"(anonymous_3)","decl":{"start":{"line":41,"column":31},"end":{"line":41,"column":32}},"loc":{"start":{"line":41,"column":37},"end":{"line":41,"column":56}},"line":41},"4":{"name":"(anonymous_4)","decl":{"start":{"line":45,"column":60},"end":{"line":45,"column":61}},"loc":{"start":{"line":45,"column":69},"end":{"line":45,"column":80}},"line":45},"5":{"name":"(anonymous_5)","decl":{"start":{"line":98,"column":25},"end":{"line":98,"column":26}},"loc":{"start":{"line":98,"column":45},"end":{"line":111,"column":1}},"line":98},"6":{"name":"(anonymous_6)","decl":{"start":{"line":116,"column":24},"end":{"line":116,"column":25}},"loc":{"start":{"line":116,"column":44},"end":{"line":137,"column":1}},"line":116},"7":{"name":"(anonymous_7)","decl":{"start":{"line":142,"column":24},"end":{"line":142,"column":25}},"loc":{"start":{"line":142,"column":44},"end":{"line":156,"column":1}},"line":142}},"branchMap":{"0":{"loc":{"start":{"line":34,"column":8},"end":{"line":36,"column":9}},"type":"if","locations":[{"start":{"line":34,"column":8},"end":{"line":36,"column":9}},{"start":{},"end":{}}],"line":34},"1":{"loc":{"start":{"line":50,"column":8},"end":{"line":58,"column":9}},"type":"if","locations":[{"start":{"line":50,"column":8},"end":{"line":58,"column":9}},{"start":{},"end":{}}],"line":50},"2":{"loc":{"start":{"line":61,"column":8},"end":{"line":66,"column":9}},"type":"if","locations":[{"start":{"line":61,"column":8},"end":{"line":66,"column":9}},{"start":{"line":64,"column":15},"end":{"line":66,"column":9}}],"line":61},"3":{"loc":{"start":{"line":69,"column":21},"end":{"line":69,"column":54}},"type":"binary-expr","locations":[{"start":{"line":69,"column":21},"end":{"line":69,"column":49}},{"start":{"line":69,"column":53},"end":{"line":69,"column":54}}],"line":69},"4":{"loc":{"start":{"line":70,"column":22},"end":{"line":70,"column":57}},"type":"binary-expr","locations":[{"start":{"line":70,"column":22},"end":{"line":70,"column":51}},{"start":{"line":70,"column":55},"end":{"line":70,"column":57}}],"line":70},"5":{"loc":{"start":{"line":104,"column":8},"end":{"line":106,"column":9}},"type":"if","locations":[{"start":{"line":104,"column":8},"end":{"line":106,"column":9}},{"start":{},"end":{}}],"line":104},"6":{"loc":{"start":{"line":119,"column":8},"end":{"line":121,"column":9}},"type":"if","locations":[{"start":{"line":119,"column":8},"end":{"line":121,"column":9}},{"start":{},"end":{}}],"line":119},"7":{"loc":{"start":{"line":128,"column":8},"end":{"line":130,"column":9}},"type":"if","locations":[{"start":{"line":128,"column":8},"end":{"line":130,"column":9}},{"start":{},"end":{}}],"line":128},"8":{"loc":{"start":{"line":146,"column":8},"end":{"line":148,"column":9}},"type":"if","locations":[{"start":{"line":146,"column":8},"end":{"line":148,"column":9}},{"start":{},"end":{}}],"line":146}},"s":{"0":2,"1":2,"2":2,"3":2,"4":0,"5":2,"6":0,"7":0,"8":0,"9":0,"10":0,"11":0,"12":2,"13":3,"14":3,"15":3,"16":3,"17":0,"18":3,"19":3,"20":3,"21":15,"22":3,"23":3,"24":0,"25":3,"26":3,"27":0,"28":0,"29":3,"30":0,"31":0,"32":3,"33":3,"34":3,"35":3,"36":3,"37":3,"38":2,"39":2,"40":2,"41":0,"42":3,"43":2,"44":1,"45":1,"46":1,"47":1,"48":0,"49":0,"50":2,"51":0,"52":0,"53":0,"54":0,"55":0,"56":0,"57":0,"58":0,"59":0,"60":2,"61":0,"62":0,"63":0,"64":0,"65":0,"66":0,"67":0,"68":0},"f":{"0":0,"1":0,"2":3,"3":15,"4":0,"5":1,"6":0,"7":0},"b":{"0":[0,3],"1":[0,3],"2":[0,3],"3":[3,3],"4":[3,3],"5":[1,0],"6":[0,0],"7":[0,0],"8":[0,0]},"_coverageSchema":"1a1c01bbd47fc00a2c39e90264f33305004495a9","hash":"2adc55447bbdb4d4031f9064af9b8a8a9027e15d"}
,"C:\\Users\\we can\\Desktop\\Topia\\mens-ecommerce\\backend\\src\\controllers\\reviewController.js": {"path":"C:\\Users\\we can\\Desktop\\Topia\\mens-ecommerce\\backend\\src\\controllers\\reviewController.js","statementMap":{"0":{"start":{"line":1,"column":15},"end":{"line":1,"column":42}},"1":{"start":{"line":2,"column":16},"end":{"line":2,"column":44}},"2":{"start":{"line":7,"column":0},"end":{"line":36,"column":2}},"3":{"start":{"line":8,"column":4},"end":{"line":35,"column":5}},"4":{"start":{"line":9,"column":8},"end":{"line":9,"column":48}},"5":{"start":{"line":10,"column":8},"end":{"line":10,"column":37}},"6":{"start":{"line":12,"column":24},"end":{"line":12,"column":68}},"7":{"start":{"line":13,"column":8},"end":{"line":15,"column":9}},"8":{"start":{"line":14,"column":12},"end":{"line":14,"column":89}},"9":{"start":{"line":18,"column":27},"end":{"line":21,"column":10}},"10":{"start":{"line":23,"column":8},"end":{"line":25,"column":9}},"11":{"start":{"line":24,"column":12},"end":{"line":24,"column":105}},"12":{"start":{"line":27,"column":23},"end":{"line":27,"column":52}},"13":{"start":{"line":29,"column":8},"end":{"line":32,"column":11}},"14":{"start":{"line":34,"column":8},"end":{"line":34,"column":73}},"15":{"start":{"line":41,"column":0},"end":{"line":54,"column":2}},"16":{"start":{"line":42,"column":4},"end":{"line":53,"column":5}},"17":{"start":{"line":43,"column":24},"end":{"line":44,"column":37}},"18":{"start":{"line":46,"column":8},"end":{"line":50,"column":11}},"19":{"start":{"line":52,"column":8},"end":{"line":52,"column":73}},"20":{"start":{"line":59,"column":0},"end":{"line":78,"column":2}},"21":{"start":{"line":60,"column":4},"end":{"line":77,"column":5}},"22":{"start":{"line":61,"column":23},"end":{"line":61,"column":59}},"23":{"start":{"line":63,"column":8},"end":{"line":65,"column":9}},"24":{"start":{"line":64,"column":12},"end":{"line":64,"column":90}},"25":{"start":{"line":68,"column":8},"end":{"line":70,"column":9}},"26":{"start":{"line":69,"column":12},"end":{"line":69,"column":101}},"27":{"start":{"line":72,"column":8},"end":{"line":72,"column":33}},"28":{"start":{"line":74,"column":8},"end":{"line":74,"column":63}},"29":{"start":{"line":76,"column":8},"end":{"line":76,"column":73}}},"fnMap":{"0":{"name":"(anonymous_0)","decl":{"start":{"line":7,"column":23},"end":{"line":7,"column":24}},"loc":{"start":{"line":7,"column":43},"end":{"line":36,"column":1}},"line":7},"1":{"name":"(anonymous_1)","decl":{"start":{"line":41,"column":28},"end":{"line":41,"column":29}},"loc":{"start":{"line":41,"column":48},"end":{"line":54,"column":1}},"line":41},"2":{"name":"(anonymous_2)","decl":{"start":{"line":59,"column":23},"end":{"line":59,"column":24}},"loc":{"start":{"line":59,"column":43},"end":{"line":78,"column":1}},"line":59}},"branchMap":{"0":{"loc":{"start":{"line":13,"column":8},"end":{"line":15,"column":9}},"type":"if","locations":[{"start":{"line":13,"column":8},"end":{"line":15,"column":9}},{"start":{},"end":{}}],"line":13},"1":{"loc":{"start":{"line":23,"column":8},"end":{"line":25,"column":9}},"type":"if","locations":[{"start":{"line":23,"column":8},"end":{"line":25,"column":9}},{"start":{},"end":{}}],"line":23},"2":{"loc":{"start":{"line":63,"column":8},"end":{"line":65,"column":9}},"type":"if","locations":[{"start":{"line":63,"column":8},"end":{"line":65,"column":9}},{"start":{},"end":{}}],"line":63},"3":{"loc":{"start":{"line":68,"column":8},"end":{"line":70,"column":9}},"type":"if","locations":[{"start":{"line":68,"column":8},"end":{"line":70,"column":9}},{"start":{},"end":{}}],"line":68},"4":{"loc":{"start":{"line":68,"column":12},"end":{"line":68,"column":91}},"type":"binary-expr","locations":[{"start":{"line":68,"column":12},"end":{"line":68,"column":62}},{"start":{"line":68,"column":66},"end":{"line":68,"column":91}}],"line":68}},"s":{"0":2,"1":2,"2":2,"3":0,"4":0,"5":0,"6":0,"7":0,"8":0,"9":0,"10":0,"11":0,"12":0,"13":0,"14":0,"15":2,"16":0,"17":0,"18":0,"19":0,"20":2,"21":0,"22":0,"23":0,"24":0,"25":0,"26":0,"27":0,"28":0,"29":0},"f":{"0":0,"1":0,"2":0},"b":{"0":[0,0],"1":[0,0],"2":[0,0],"3":[0,0],"4":[0,0]},"_coverageSchema":"1a1c01bbd47fc00a2c39e90264f33305004495a9","hash":"00410cd10a3857d5d1a0a1e2d2e1747d8aa5b96c"}
,"C:\\Users\\we can\\Desktop\\Topia\\mens-ecommerce\\backend\\src\\controllers\\userController.js": {"path":"C:\\Users\\we can\\Desktop\\Topia\\mens-ecommerce\\backend\\src\\controllers\\userController.js","statementMap":{"0":{"start":{"line":1,"column":13},"end":{"line":1,"column":38}},"1":{"start":{"line":2,"column":22},"end":{"line":2,"column":55}},"2":{"start":{"line":7,"column":0},"end":{"line":29,"column":2}},"3":{"start":{"line":8,"column":4},"end":{"line":28,"column":5}},"4":{"start":{"line":9,"column":21},"end":{"line":9,"column":54}},"5":{"start":{"line":11,"column":8},"end":{"line":25,"column":9}},"6":{"start":{"line":12,"column":12},"end":{"line":22,"column":15}},"7":{"start":{"line":24,"column":12},"end":{"line":24,"column":84}},"8":{"start":{"line":27,"column":8},"end":{"line":27,"column":73}},"9":{"start":{"line":34,"column":0},"end":{"line":67,"column":2}},"10":{"start":{"line":35,"column":4},"end":{"line":66,"column":5}},"11":{"start":{"line":36,"column":21},"end":{"line":36,"column":54}},"12":{"start":{"line":38,"column":8},"end":{"line":63,"column":9}},"13":{"start":{"line":39,"column":12},"end":{"line":39,"column":51}},"14":{"start":{"line":40,"column":12},"end":{"line":40,"column":54}},"15":{"start":{"line":41,"column":12},"end":{"line":41,"column":54}},"16":{"start":{"line":43,"column":12},"end":{"line":45,"column":13}},"17":{"start":{"line":44,"column":16},"end":{"line":44,"column":50}},"18":{"start":{"line":47,"column":32},"end":{"line":47,"column":49}},"19":{"start":{"line":49,"column":12},"end":{"line":60,"column":15}},"20":{"start":{"line":62,"column":12},"end":{"line":62,"column":84}},"21":{"start":{"line":65,"column":8},"end":{"line":65,"column":73}},"22":{"start":{"line":72,"column":0},"end":{"line":79,"column":2}},"23":{"start":{"line":73,"column":4},"end":{"line":78,"column":5}},"24":{"start":{"line":74,"column":22},"end":{"line":74,"column":41}},"25":{"start":{"line":75,"column":8},"end":{"line":75,"column":49}},"26":{"start":{"line":77,"column":8},"end":{"line":77,"column":73}},"27":{"start":{"line":84,"column":0},"end":{"line":98,"column":2}},"28":{"start":{"line":85,"column":4},"end":{"line":97,"column":5}},"29":{"start":{"line":86,"column":21},"end":{"line":86,"column":54}},"30":{"start":{"line":87,"column":26},"end":{"line":87,"column":46}},"31":{"start":{"line":89,"column":8},"end":{"line":92,"column":9}},"32":{"start":{"line":90,"column":12},"end":{"line":90,"column":42}},"33":{"start":{"line":91,"column":12},"end":{"line":91,"column":30}},"34":{"start":{"line":94,"column":8},"end":{"line":94,"column":89}},"35":{"start":{"line":96,"column":8},"end":{"line":96,"column":73}},"36":{"start":{"line":103,"column":0},"end":{"line":115,"column":2}},"37":{"start":{"line":104,"column":4},"end":{"line":114,"column":5}},"38":{"start":{"line":105,"column":21},"end":{"line":105,"column":54}},"39":{"start":{"line":106,"column":26},"end":{"line":106,"column":46}},"40":{"start":{"line":108,"column":8},"end":{"line":108,"column":80}},"41":{"start":{"line":108,"column":51},"end":{"line":108,"column":78}},"42":{"start":{"line":109,"column":8},"end":{"line":109,"column":26}},"43":{"start":{"line":111,"column":8},"end":{"line":111,"column":89}},"44":{"start":{"line":113,"column":8},"end":{"line":113,"column":73}},"45":{"start":{"line":120,"column":0},"end":{"line":127,"column":2}},"46":{"start":{"line":121,"column":4},"end":{"line":126,"column":5}},"47":{"start":{"line":122,"column":21},"end":{"line":122,"column":75}},"48":{"start":{"line":123,"column":8},"end":{"line":123,"column":57}},"49":{"start":{"line":125,"column":8},"end":{"line":125,"column":73}},"50":{"start":{"line":132,"column":0},"end":{"line":144,"column":2}},"51":{"start":{"line":133,"column":4},"end":{"line":143,"column":5}},"52":{"start":{"line":134,"column":21},"end":{"line":134,"column":54}},"53":{"start":{"line":135,"column":24},"end":{"line":135,"column":32}},"54":{"start":{"line":137,"column":8},"end":{"line":137,"column":37}},"55":{"start":{"line":138,"column":8},"end":{"line":138,"column":26}},"56":{"start":{"line":140,"column":8},"end":{"line":140,"column":87}},"57":{"start":{"line":142,"column":8},"end":{"line":142,"column":73}},"58":{"start":{"line":149,"column":0},"end":{"line":173,"column":2}},"59":{"start":{"line":150,"column":4},"end":{"line":172,"column":5}},"60":{"start":{"line":151,"column":21},"end":{"line":151,"column":54}},"61":{"start":{"line":152,"column":26},"end":{"line":152,"column":46}},"62":{"start":{"line":153,"column":31},"end":{"line":153,"column":39}},"63":{"start":{"line":155,"column":24},"end":{"line":155,"column":52}},"64":{"start":{"line":157,"column":8},"end":{"line":169,"column":9}},"65":{"start":{"line":158,"column":12},"end":{"line":158,"column":69}},"66":{"start":{"line":159,"column":12},"end":{"line":159,"column":63}},"67":{"start":{"line":160,"column":12},"end":{"line":160,"column":66}},"68":{"start":{"line":161,"column":12},"end":{"line":161,"column":72}},"69":{"start":{"line":162,"column":12},"end":{"line":162,"column":72}},"70":{"start":{"line":163,"column":12},"end":{"line":163,"column":118}},"71":{"start":{"line":165,"column":12},"end":{"line":165,"column":30}},"72":{"start":{"line":166,"column":12},"end":{"line":166,"column":91}},"73":{"start":{"line":168,"column":12},"end":{"line":168,"column":83}},"74":{"start":{"line":171,"column":8},"end":{"line":171,"column":73}},"75":{"start":{"line":178,"column":0},"end":{"line":195,"column":2}},"76":{"start":{"line":179,"column":4},"end":{"line":194,"column":5}},"77":{"start":{"line":180,"column":21},"end":{"line":180,"column":54}},"78":{"start":{"line":181,"column":26},"end":{"line":181,"column":46}},"79":{"start":{"line":183,"column":24},"end":{"line":183,"column":52}},"80":{"start":{"line":185,"column":8},"end":{"line":191,"column":9}},"81":{"start":{"line":186,"column":12},"end":{"line":186,"column":32}},"82":{"start":{"line":187,"column":12},"end":{"line":187,"column":30}},"83":{"start":{"line":188,"column":12},"end":{"line":188,"column":89}},"84":{"start":{"line":190,"column":12},"end":{"line":190,"column":83}},"85":{"start":{"line":193,"column":8},"end":{"line":193,"column":73}},"86":{"start":{"line":200,"column":0},"end":{"line":211,"column":2}},"87":{"start":{"line":201,"column":4},"end":{"line":210,"column":5}},"88":{"start":{"line":202,"column":21},"end":{"line":202,"column":75}},"89":{"start":{"line":203,"column":8},"end":{"line":207,"column":9}},"90":{"start":{"line":204,"column":12},"end":{"line":204,"column":52}},"91":{"start":{"line":206,"column":12},"end":{"line":206,"column":84}},"92":{"start":{"line":209,"column":8},"end":{"line":209,"column":73}},"93":{"start":{"line":216,"column":0},"end":{"line":242,"column":2}},"94":{"start":{"line":217,"column":4},"end":{"line":241,"column":5}},"95":{"start":{"line":218,"column":21},"end":{"line":218,"column":55}},"96":{"start":{"line":220,"column":8},"end":{"line":238,"column":9}},"97":{"start":{"line":221,"column":12},"end":{"line":221,"column":51}},"98":{"start":{"line":222,"column":12},"end":{"line":222,"column":54}},"99":{"start":{"line":223,"column":12},"end":{"line":223,"column":51}},"100":{"start":{"line":225,"column":32},"end":{"line":225,"column":49}},"101":{"start":{"line":227,"column":12},"end":{"line":235,"column":15}},"102":{"start":{"line":237,"column":12},"end":{"line":237,"column":84}},"103":{"start":{"line":240,"column":8},"end":{"line":240,"column":73}},"104":{"start":{"line":247,"column":0},"end":{"line":260,"column":2}},"105":{"start":{"line":248,"column":4},"end":{"line":259,"column":5}},"106":{"start":{"line":249,"column":21},"end":{"line":249,"column":55}},"107":{"start":{"line":251,"column":8},"end":{"line":256,"column":9}},"108":{"start":{"line":252,"column":12},"end":{"line":252,"column":35}},"109":{"start":{"line":253,"column":12},"end":{"line":253,"column":68}},"110":{"start":{"line":255,"column":12},"end":{"line":255,"column":84}},"111":{"start":{"line":258,"column":8},"end":{"line":258,"column":73}}},"fnMap":{"0":{"name":"(anonymous_0)","decl":{"start":{"line":7,"column":25},"end":{"line":7,"column":26}},"loc":{"start":{"line":7,"column":45},"end":{"line":29,"column":1}},"line":7},"1":{"name":"(anonymous_1)","decl":{"start":{"line":34,"column":28},"end":{"line":34,"column":29}},"loc":{"start":{"line":34,"column":48},"end":{"line":67,"column":1}},"line":34},"2":{"name":"(anonymous_2)","decl":{"start":{"line":72,"column":19},"end":{"line":72,"column":20}},"loc":{"start":{"line":72,"column":39},"end":{"line":79,"column":1}},"line":72},"3":{"name":"(anonymous_3)","decl":{"start":{"line":84,"column":24},"end":{"line":84,"column":25}},"loc":{"start":{"line":84,"column":44},"end":{"line":98,"column":1}},"line":84},"4":{"name":"(anonymous_4)","decl":{"start":{"line":103,"column":29},"end":{"line":103,"column":30}},"loc":{"start":{"line":103,"column":49},"end":{"line":115,"column":1}},"line":103},"5":{"name":"(anonymous_5)","decl":{"start":{"line":108,"column":45},"end":{"line":108,"column":46}},"loc":{"start":{"line":108,"column":51},"end":{"line":108,"column":78}},"line":108},"6":{"name":"(anonymous_6)","decl":{"start":{"line":120,"column":22},"end":{"line":120,"column":23}},"loc":{"start":{"line":120,"column":42},"end":{"line":127,"column":1}},"line":120},"7":{"name":"(anonymous_7)","decl":{"start":{"line":132,"column":21},"end":{"line":132,"column":22}},"loc":{"start":{"line":132,"column":41},"end":{"line":144,"column":1}},"line":132},"8":{"name":"(anonymous_8)","decl":{"start":{"line":149,"column":24},"end":{"line":149,"column":25}},"loc":{"start":{"line":149,"column":44},"end":{"line":173,"column":1}},"line":149},"9":{"name":"(anonymous_9)","decl":{"start":{"line":178,"column":24},"end":{"line":178,"column":25}},"loc":{"start":{"line":178,"column":44},"end":{"line":195,"column":1}},"line":178},"10":{"name":"(anonymous_10)","decl":{"start":{"line":200,"column":22},"end":{"line":200,"column":23}},"loc":{"start":{"line":200,"column":42},"end":{"line":211,"column":1}},"line":200},"11":{"name":"(anonymous_11)","decl":{"start":{"line":216,"column":21},"end":{"line":216,"column":22}},"loc":{"start":{"line":216,"column":41},"end":{"line":242,"column":1}},"line":216},"12":{"name":"(anonymous_12)","decl":{"start":{"line":247,"column":21},"end":{"line":247,"column":22}},"loc":{"start":{"line":247,"column":41},"end":{"line":260,"column":1}},"line":247}},"branchMap":{"0":{"loc":{"start":{"line":11,"column":8},"end":{"line":25,"column":9}},"type":"if","locations":[{"start":{"line":11,"column":8},"end":{"line":25,"column":9}},{"start":{"line":23,"column":15},"end":{"line":25,"column":9}}],"line":11},"1":{"loc":{"start":{"line":38,"column":8},"end":{"line":63,"column":9}},"type":"if","locations":[{"start":{"line":38,"column":8},"end":{"line":63,"column":9}},{"start":{"line":61,"column":15},"end":{"line":63,"column":9}}],"line":38},"2":{"loc":{"start":{"line":39,"column":24},"end":{"line":39,"column":50}},"type":"binary-expr","locations":[{"start":{"line":39,"column":24},"end":{"line":39,"column":37}},{"start":{"line":39,"column":41},"end":{"line":39,"column":50}}],"line":39},"3":{"loc":{"start":{"line":40,"column":25},"end":{"line":40,"column":53}},"type":"binary-expr","locations":[{"start":{"line":40,"column":25},"end":{"line":40,"column":39}},{"start":{"line":40,"column":43},"end":{"line":40,"column":53}}],"line":40},"4":{"loc":{"start":{"line":41,"column":25},"end":{"line":41,"column":53}},"type":"binary-expr","locations":[{"start":{"line":41,"column":25},"end":{"line":41,"column":39}},{"start":{"line":41,"column":43},"end":{"line":41,"column":53}}],"line":41},"5":{"loc":{"start":{"line":43,"column":12},"end":{"line":45,"column":13}},"type":"if","locations":[{"start":{"line":43,"column":12},"end":{"line":45,"column":13}},{"start":{},"end":{}}],"line":43},"6":{"loc":{"start":{"line":57,"column":27},"end":{"line":57,"column":89}},"type":"cond-expr","locations":[{"start":{"line":57,"column":47},"end":{"line":57,"column":77}},{"start":{"line":57,"column":80},"end":{"line":57,"column":89}}],"line":57},"7":{"loc":{"start":{"line":89,"column":8},"end":{"line":92,"column":9}},"type":"if","locations":[{"start":{"line":89,"column":8},"end":{"line":92,"column":9}},{"start":{},"end":{}}],"line":89},"8":{"loc":{"start":{"line":157,"column":8},"end":{"line":169,"column":9}},"type":"if","locations":[{"start":{"line":157,"column":8},"end":{"line":169,"column":9}},{"start":{"line":167,"column":15},"end":{"line":169,"column":9}}],"line":157},"9":{"loc":{"start":{"line":158,"column":29},"end":{"line":158,"column":68}},"type":"binary-expr","locations":[{"start":{"line":158,"column":29},"end":{"line":158,"column":50}},{"start":{"line":158,"column":54},"end":{"line":158,"column":68}}],"line":158},"10":{"loc":{"start":{"line":159,"column":27},"end":{"line":159,"column":62}},"type":"binary-expr","locations":[{"start":{"line":159,"column":27},"end":{"line":159,"column":46}},{"start":{"line":159,"column":50},"end":{"line":159,"column":62}}],"line":159},"11":{"loc":{"start":{"line":160,"column":28},"end":{"line":160,"column":65}},"type":"binary-expr","locations":[{"start":{"line":160,"column":28},"end":{"line":160,"column":48}},{"start":{"line":160,"column":52},"end":{"line":160,"column":65}}],"line":160},"12":{"loc":{"start":{"line":161,"column":30},"end":{"line":161,"column":71}},"type":"binary-expr","locations":[{"start":{"line":161,"column":30},"end":{"line":161,"column":52}},{"start":{"line":161,"column":56},"end":{"line":161,"column":71}}],"line":161},"13":{"loc":{"start":{"line":162,"column":30},"end":{"line":162,"column":71}},"type":"binary-expr","locations":[{"start":{"line":162,"column":30},"end":{"line":162,"column":52}},{"start":{"line":162,"column":56},"end":{"line":162,"column":71}}],"line":162},"14":{"loc":{"start":{"line":163,"column":32},"end":{"line":163,"column":117}},"type":"cond-expr","locations":[{"start":{"line":163,"column":73},"end":{"line":163,"column":97}},{"start":{"line":163,"column":100},"end":{"line":163,"column":117}}],"line":163},"15":{"loc":{"start":{"line":185,"column":8},"end":{"line":191,"column":9}},"type":"if","locations":[{"start":{"line":185,"column":8},"end":{"line":191,"column":9}},{"start":{"line":189,"column":15},"end":{"line":191,"column":9}}],"line":185},"16":{"loc":{"start":{"line":203,"column":8},"end":{"line":207,"column":9}},"type":"if","locations":[{"start":{"line":203,"column":8},"end":{"line":207,"column":9}},{"start":{"line":205,"column":15},"end":{"line":207,"column":9}}],"line":203},"17":{"loc":{"start":{"line":220,"column":8},"end":{"line":238,"column":9}},"type":"if","locations":[{"start":{"line":220,"column":8},"end":{"line":238,"column":9}},{"start":{"line":236,"column":15},"end":{"line":238,"column":9}}],"line":220},"18":{"loc":{"start":{"line":221,"column":24},"end":{"line":221,"column":50}},"type":"binary-expr","locations":[{"start":{"line":221,"column":24},"end":{"line":221,"column":37}},{"start":{"line":221,"column":41},"end":{"line":221,"column":50}}],"line":221},"19":{"loc":{"start":{"line":222,"column":25},"end":{"line":222,"column":53}},"type":"binary-expr","locations":[{"start":{"line":222,"column":25},"end":{"line":222,"column":39}},{"start":{"line":222,"column":43},"end":{"line":222,"column":53}}],"line":222},"20":{"loc":{"start":{"line":223,"column":24},"end":{"line":223,"column":50}},"type":"binary-expr","locations":[{"start":{"line":223,"column":24},"end":{"line":223,"column":37}},{"start":{"line":223,"column":41},"end":{"line":223,"column":50}}],"line":223},"21":{"loc":{"start":{"line":251,"column":8},"end":{"line":256,"column":9}},"type":"if","locations":[{"start":{"line":251,"column":8},"end":{"line":256,"column":9}},{"start":{"line":254,"column":15},"end":{"line":256,"column":9}}],"line":251}},"s":{"0":2,"1":2,"2":2,"3":0,"4":0,"5":0,"6":0,"7":0,"8":0,"9":2,"10":0,"11":0,"12":0,"13":0,"14":0,"15":0,"16":0,"17":0,"18":0,"19":0,"20":0,"21":0,"22":2,"23":0,"24":0,"25":0,"26":0,"27":2,"28":0,"29":0,"30":0,"31":0,"32":0,"33":0,"34":0,"35":0,"36":2,"37":0,"38":0,"39":0,"40":0,"41":0,"42":0,"43":0,"44":0,"45":2,"46":0,"47":0,"48":0,"49":0,"50":2,"51":0,"52":0,"53":0,"54":0,"55":0,"56":0,"57":0,"58":2,"59":0,"60":0,"61":0,"62":0,"63":0,"64":0,"65":0,"66":0,"67":0,"68":0,"69":0,"70":0,"71":0,"72":0,"73":0,"74":0,"75":2,"76":0,"77":0,"78":0,"79":0,"80":0,"81":0,"82":0,"83":0,"84":0,"85":0,"86":2,"87":0,"88":0,"89":0,"90":0,"91":0,"92":0,"93":2,"94":0,"95":0,"96":0,"97":0,"98":0,"99":0,"100":0,"101":0,"102":0,"103":0,"104":2,"105":0,"106":0,"107":0,"108":0,"109":0,"110":0,"111":0},"f":{"0":0,"1":0,"2":0,"3":0,"4":0,"5":0,"6":0,"7":0,"8":0,"9":0,"10":0,"11":0,"12":0},"b":{"0":[0,0],"1":[0,0],"2":[0,0],"3":[0,0],"4":[0,0],"5":[0,0],"6":[0,0],"7":[0,0],"8":[0,0],"9":[0,0],"10":[0,0],"11":[0,0],"12":[0,0],"13":[0,0],"14":[0,0],"15":[0,0],"16":[0,0],"17":[0,0],"18":[0,0],"19":[0,0],"20":[0,0],"21":[0,0]},"_coverageSchema":"1a1c01bbd47fc00a2c39e90264f33305004495a9","hash":"10a818cd85cbf259afa525dba95c7f8972ee8f21"}
,"C:\\Users\\we can\\Desktop\\Topia\\mens-ecommerce\\backend\\src\\middleware\\auth.js": {"path":"C:\\Users\\we can\\Desktop\\Topia\\mens-ecommerce\\backend\\src\\middleware\\auth.js","statementMap":{"0":{"start":{"line":1,"column":12},"end":{"line":1,"column":35}},"1":{"start":{"line":2,"column":13},"end":{"line":2,"column":38}},"2":{"start":{"line":4,"column":16},"end":{"line":28,"column":1}},"3":{"start":{"line":7,"column":4},"end":{"line":23,"column":5}},"4":{"start":{"line":11,"column":8},"end":{"line":22,"column":9}},"5":{"start":{"line":12,"column":12},"end":{"line":12,"column":60}},"6":{"start":{"line":14,"column":28},"end":{"line":14,"column":69}},"7":{"start":{"line":16,"column":12},"end":{"line":16,"column":75}},"8":{"start":{"line":18,"column":12},"end":{"line":18,"column":19}},"9":{"start":{"line":20,"column":12},"end":{"line":20,"column":33}},"10":{"start":{"line":21,"column":12},"end":{"line":21,"column":91}},"11":{"start":{"line":25,"column":4},"end":{"line":27,"column":5}},"12":{"start":{"line":26,"column":8},"end":{"line":26,"column":84}},"13":{"start":{"line":30,"column":14},"end":{"line":36,"column":1}},"14":{"start":{"line":31,"column":4},"end":{"line":35,"column":5}},"15":{"start":{"line":32,"column":8},"end":{"line":32,"column":15}},"16":{"start":{"line":34,"column":8},"end":{"line":34,"column":84}},"17":{"start":{"line":38,"column":24},"end":{"line":55,"column":1}},"18":{"start":{"line":41,"column":4},"end":{"line":53,"column":5}},"19":{"start":{"line":45,"column":8},"end":{"line":52,"column":9}},"20":{"start":{"line":46,"column":12},"end":{"line":46,"column":60}},"21":{"start":{"line":47,"column":28},"end":{"line":47,"column":69}},"22":{"start":{"line":48,"column":12},"end":{"line":48,"column":75}},"23":{"start":{"line":50,"column":12},"end":{"line":50,"column":65}},"24":{"start":{"line":54,"column":4},"end":{"line":54,"column":11}},"25":{"start":{"line":57,"column":0},"end":{"line":57,"column":53}}},"fnMap":{"0":{"name":"(anonymous_0)","decl":{"start":{"line":4,"column":16},"end":{"line":4,"column":17}},"loc":{"start":{"line":4,"column":42},"end":{"line":28,"column":1}},"line":4},"1":{"name":"(anonymous_1)","decl":{"start":{"line":30,"column":14},"end":{"line":30,"column":15}},"loc":{"start":{"line":30,"column":34},"end":{"line":36,"column":1}},"line":30},"2":{"name":"(anonymous_2)","decl":{"start":{"line":38,"column":24},"end":{"line":38,"column":25}},"loc":{"start":{"line":38,"column":50},"end":{"line":55,"column":1}},"line":38}},"branchMap":{"0":{"loc":{"start":{"line":7,"column":4},"end":{"line":23,"column":5}},"type":"if","locations":[{"start":{"line":7,"column":4},"end":{"line":23,"column":5}},{"start":{},"end":{}}],"line":7},"1":{"loc":{"start":{"line":8,"column":8},"end":{"line":9,"column":54}},"type":"binary-expr","locations":[{"start":{"line":8,"column":8},"end":{"line":8,"column":33}},{"start":{"line":9,"column":8},"end":{"line":9,"column":54}}],"line":8},"2":{"loc":{"start":{"line":25,"column":4},"end":{"line":27,"column":5}},"type":"if","locations":[{"start":{"line":25,"column":4},"end":{"line":27,"column":5}},{"start":{},"end":{}}],"line":25},"3":{"loc":{"start":{"line":31,"column":4},"end":{"line":35,"column":5}},"type":"if","locations":[{"start":{"line":31,"column":4},"end":{"line":35,"column":5}},{"start":{"line":33,"column":11},"end":{"line":35,"column":5}}],"line":31},"4":{"loc":{"start":{"line":31,"column":8},"end":{"line":31,"column":45}},"type":"binary-expr","locations":[{"start":{"line":31,"column":8},"end":{"line":31,"column":16}},{"start":{"line":31,"column":20},"end":{"line":31,"column":45}}],"line":31},"5":{"loc":{"start":{"line":41,"column":4},"end":{"line":53,"column":5}},"type":"if","locations":[{"start":{"line":41,"column":4},"end":{"line":53,"column":5}},{"start":{},"end":{}}],"line":41},"6":{"loc":{"start":{"line":42,"column":8},"end":{"line":43,"column":54}},"type":"binary-expr","locations":[{"start":{"line":42,"column":8},"end":{"line":42,"column":33}},{"start":{"line":43,"column":8},"end":{"line":43,"column":54}}],"line":42}},"s":{"0":2,"1":2,"2":2,"3":0,"4":0,"5":0,"6":0,"7":0,"8":0,"9":0,"10":0,"11":0,"12":0,"13":2,"14":0,"15":0,"16":0,"17":2,"18":0,"19":0,"20":0,"21":0,"22":0,"23":0,"24":0,"25":2},"f":{"0":0,"1":0,"2":0},"b":{"0":[0,0],"1":[0,0],"2":[0,0],"3":[0,0],"4":[0,0],"5":[0,0],"6":[0,0]},"_coverageSchema":"1a1c01bbd47fc00a2c39e90264f33305004495a9","hash":"a43e1caefae438a616459859596b7b3c66fcf1e0"}
,"C:\\Users\\we can\\Desktop\\Topia\\mens-ecommerce\\backend\\src\\middleware\\errorHandler.js": {"path":"C:\\Users\\we can\\Desktop\\Topia\\mens-ecommerce\\backend\\src\\middleware\\errorHandler.js","statementMap":{"0":{"start":{"line":1,"column":21},"end":{"line":33,"column":1}},"1":{"start":{"line":2,"column":16},"end":{"line":2,"column":26}},"2":{"start":{"line":3,"column":4},"end":{"line":3,"column":32}},"3":{"start":{"line":6,"column":4},"end":{"line":6,"column":23}},"4":{"start":{"line":9,"column":4},"end":{"line":13,"column":5}},"5":{"start":{"line":10,"column":24},"end":{"line":10,"column":68}},"6":{"start":{"line":11,"column":8},"end":{"line":11,"column":35}},"7":{"start":{"line":12,"column":8},"end":{"line":12,"column":31}},"8":{"start":{"line":16,"column":4},"end":{"line":20,"column":5}},"9":{"start":{"line":17,"column":24},"end":{"line":17,"column":55}},"10":{"start":{"line":18,"column":8},"end":{"line":18,"column":35}},"11":{"start":{"line":19,"column":8},"end":{"line":19,"column":31}},"12":{"start":{"line":23,"column":4},"end":{"line":27,"column":5}},"13":{"start":{"line":24,"column":24},"end":{"line":24,"column":73}},"14":{"start":{"line":24,"column":61},"end":{"line":24,"column":72}},"15":{"start":{"line":25,"column":8},"end":{"line":25,"column":35}},"16":{"start":{"line":26,"column":8},"end":{"line":26,"column":31}},"17":{"start":{"line":29,"column":4},"end":{"line":32,"column":7}},"18":{"start":{"line":35,"column":0},"end":{"line":35,"column":30}}},"fnMap":{"0":{"name":"(anonymous_0)","decl":{"start":{"line":1,"column":21},"end":{"line":1,"column":22}},"loc":{"start":{"line":1,"column":46},"end":{"line":33,"column":1}},"line":1},"1":{"name":"(anonymous_1)","decl":{"start":{"line":24,"column":54},"end":{"line":24,"column":55}},"loc":{"start":{"line":24,"column":61},"end":{"line":24,"column":72}},"line":24}},"branchMap":{"0":{"loc":{"start":{"line":9,"column":4},"end":{"line":13,"column":5}},"type":"if","locations":[{"start":{"line":9,"column":4},"end":{"line":13,"column":5}},{"start":{},"end":{}}],"line":9},"1":{"loc":{"start":{"line":16,"column":4},"end":{"line":20,"column":5}},"type":"if","locations":[{"start":{"line":16,"column":4},"end":{"line":20,"column":5}},{"start":{},"end":{}}],"line":16},"2":{"loc":{"start":{"line":23,"column":4},"end":{"line":27,"column":5}},"type":"if","locations":[{"start":{"line":23,"column":4},"end":{"line":27,"column":5}},{"start":{},"end":{}}],"line":23},"3":{"loc":{"start":{"line":29,"column":15},"end":{"line":29,"column":38}},"type":"binary-expr","locations":[{"start":{"line":29,"column":15},"end":{"line":29,"column":31}},{"start":{"line":29,"column":35},"end":{"line":29,"column":38}}],"line":29},"4":{"loc":{"start":{"line":31,"column":15},"end":{"line":31,"column":46}},"type":"binary-expr","locations":[{"start":{"line":31,"column":15},"end":{"line":31,"column":28}},{"start":{"line":31,"column":32},"end":{"line":31,"column":46}}],"line":31}},"s":{"0":2,"1":0,"2":0,"3":0,"4":0,"5":0,"6":0,"7":0,"8":0,"9":0,"10":0,"11":0,"12":0,"13":0,"14":0,"15":0,"16":0,"17":0,"18":2},"f":{"0":0,"1":0},"b":{"0":[0,0],"1":[0,0],"2":[0,0],"3":[0,0],"4":[0,0]},"_coverageSchema":"1a1c01bbd47fc00a2c39e90264f33305004495a9","hash":"fbde8293060bc3aea256c656474925016083e1a1"}
,"C:\\Users\\we can\\Desktop\\Topia\\mens-ecommerce\\backend\\src\\middleware\\validation.js": {"path":"C:\\Users\\we can\\Desktop\\Topia\\mens-ecommerce\\backend\\src\\middleware\\validation.js","statementMap":{"0":{"start":{"line":1,"column":36},"end":{"line":1,"column":64}},"1":{"start":{"line":4,"column":17},"end":{"line":13,"column":1}},"2":{"start":{"line":5,"column":19},"end":{"line":5,"column":40}},"3":{"start":{"line":6,"column":4},"end":{"line":11,"column":5}},"4":{"start":{"line":7,"column":8},"end":{"line":10,"column":11}},"5":{"start":{"line":9,"column":46},"end":{"line":9,"column":53}},"6":{"start":{"line":12,"column":4},"end":{"line":12,"column":11}},"7":{"start":{"line":16,"column":0},"end":{"line":22,"column":2}},"8":{"start":{"line":24,"column":0},"end":{"line":28,"column":2}},"9":{"start":{"line":31,"column":0},"end":{"line":37,"column":2}},"10":{"start":{"line":40,"column":0},"end":{"line":45,"column":2}},"11":{"start":{"line":48,"column":0},"end":{"line":52,"column":2}},"12":{"start":{"line":55,"column":0},"end":{"line":60,"column":2}},"13":{"start":{"line":63,"column":0},"end":{"line":67,"column":2}},"14":{"start":{"line":70,"column":0},"end":{"line":77,"column":2}}},"fnMap":{"0":{"name":"(anonymous_0)","decl":{"start":{"line":4,"column":17},"end":{"line":4,"column":18}},"loc":{"start":{"line":4,"column":37},"end":{"line":13,"column":1}},"line":4},"1":{"name":"(anonymous_1)","decl":{"start":{"line":9,"column":39},"end":{"line":9,"column":40}},"loc":{"start":{"line":9,"column":46},"end":{"line":9,"column":53}},"line":9}},"branchMap":{"0":{"loc":{"start":{"line":6,"column":4},"end":{"line":11,"column":5}},"type":"if","locations":[{"start":{"line":6,"column":4},"end":{"line":11,"column":5}},{"start":{},"end":{}}],"line":6}},"s":{"0":2,"1":2,"2":7,"3":7,"4":0,"5":0,"6":7,"7":2,"8":2,"9":2,"10":2,"11":2,"12":2,"13":2,"14":2},"f":{"0":7,"1":0},"b":{"0":[0,7]},"_coverageSchema":"1a1c01bbd47fc00a2c39e90264f33305004495a9","hash":"217eaff3bacb83af2b80181f343d770977e0ac47"}
[...]
,"C:\\Users\\we can\\Desktop\\Topia\\mens-ecommerce\\backend\\src\\routes\\adminRoutes.js": {"path":"C:\\Users\\we can\\Desktop\\Topia\\mens-ecommerce\\backend\\src\\routes\\adminRoutes.js","statementMap":{"0":{"start":{"line":1,"column":16},"end":{"line":1,"column":34}},"1":{"start":{"line":2,"column":15},"end":{"line":2,"column":31}},"2":{"start":{"line":3,"column":26},"end":{"line":3,"column":67}},"3":{"start":{"line":4,"column":27},"end":{"line":4,"column":56}},"4":{"start":{"line":7,"column":0},"end":{"line":7,"column":52}},"5":{"start":{"line":9,"column":0},"end":{"line":9,"column":24}}},"fnMap":{},"branchMap":{},"s":{"0":2,"1":2,"2":2,"3":2,"4":2,"5":2},"f":{},"b":{},"_coverageSchema":"1a1c01bbd47fc00a2c39e90264f33305004495a9","hash":"4d1bab91991a31d91e187e58939ee708c1b52ee1"}
,"C:\\Users\\we can\\Desktop\\Topia\\mens-ecommerce\\backend\\src\\routes\\authRoutes.js": {"path":"C:\\Users\\we can\\Desktop\\Topia\\mens-ecommerce\\backend\\src\\routes\\authRoutes.js","statementMap":{"0":{"start":{"line":1,"column":16},"end":{"line":1,"column":34}},"1":{"start":{"line":2,"column":83},"end":{"line":2,"column":123}},"2":{"start":{"line":3,"column":48},"end":{"line":3,"column":83}},"3":{"start":{"line":5,"column":15},"end":{"line":5,"column":31}},"4":{"start":{"line":6,"column":0},"end":{"line":6,"column":37}},"5":{"start":{"line":8,"column":0},"end":{"line":8,"column":46}},"6":{"start":{"line":9,"column":0},"end":{"line":9,"column":55}},"7":{"start":{"line":10,"column":0},"end":{"line":10,"column":46}},"8":{"start":{"line":11,"column":0},"end":{"line":11,"column":40}},"9":{"start":{"line":12,"column":0},"end":{"line":15,"column":3}},"10":{"start":{"line":13,"column":4},"end":{"line":13,"column":43}},"11":{"start":{"line":14,"column":4},"end":{"line":14,"column":35}},"12":{"start":{"line":16,"column":0},"end":{"line":16,"column":40}},"13":{"start":{"line":17,"column":0},"end":{"line":17,"column":45}},"14":{"start":{"line":19,"column":0},"end":{"line":19,"column":40}},"15":{"start":{"line":21,"column":0},"end":{"line":21,"column":24}}},"fnMap":{"0":{"name":"(anonymous_0)","decl":{"start":{"line":12,"column":32},"end":{"line":12,"column":33}},"loc":{"start":{"line":12,"column":52},"end":{"line":15,"column":1}},"line":12}},"branchMap":{},"s":{"0":2,"1":2,"2":2,"3":2,"4":2,"5":2,"6":2,"7":2,"8":2,"9":2,"10":0,"11":0,"12":2,"13":2,"14":2,"15":2},"f":{"0":0},"b":{},"_coverageSchema":"1a1c01bbd47fc00a2c39e90264f33305004495a9","hash":"feca153bf34446577bcae6254b58f36d86834e56"}
,"C:\\Users\\we can\\Desktop\\Topia\\mens-ecommerce\\backend\\src\\routes\\categoryRoutes.js": {"path":"C:\\Users\\we can\\Desktop\\Topia\\mens-ecommerce\\backend\\src\\routes\\categoryRoutes.js","statementMap":{"0":{"start":{"line":1,"column":16},"end":{"line":1,"column":34}},"1":{"start":{"line":8,"column":4},"end":{"line":8,"column":48}},"2":{"start":{"line":9,"column":27},"end":{"line":9,"column":56}},"3":{"start":{"line":10,"column":31},"end":{"line":10,"column":66}},"4":{"start":{"line":12,"column":15},"end":{"line":12,"column":31}},"5":{"start":{"line":15,"column":0},"end":{"line":15,"column":34}},"6":{"start":{"line":16,"column":0},"end":{"line":16,"column":36}},"7":{"start":{"line":19,"column":0},"end":{"line":19,"column":69}},"8":{"start":{"line":20,"column":0},"end":{"line":20,"column":71}},"9":{"start":{"line":21,"column":0},"end":{"line":21,"column":54}},"10":{"start":{"line":23,"column":0},"end":{"line":23,"column":24}}},"fnMap":{},"branchMap":{},"s":{"0":2,"1":2,"2":2,"3":2,"4":2,"5":2,"6":2,"7":2,"8":2,"9":2,"10":2},"f":{},"b":{},"_coverageSchema":"1a1c01bbd47fc00a2c39e90264f33305004495a9","hash":"10145be03fd965e78e683a929314e8d021402a61"}
,"C:\\Users\\we can\\Desktop\\Topia\\mens-ecommerce\\backend\\src\\routes\\couponRoutes.js": {"path":"C:\\Users\\we can\\Desktop\\Topia\\mens-ecommerce\\backend\\src\\routes\\couponRoutes.js","statementMap":{"0":{"start":{"line":1,"column":16},"end":{"line":1,"column":34}},"1":{"start":{"line":2,"column":15},"end":{"line":2,"column":31}},"2":{"start":{"line":8,"column":4},"end":{"line":8,"column":46}},"3":{"start":{"line":9,"column":27},"end":{"line":9,"column":56}},"4":{"start":{"line":10,"column":29},"end":{"line":10,"column":64}},"5":{"start":{"line":12,"column":0},"end":{"line":14,"column":40}},"6":{"start":{"line":16,"column":0},"end":{"line":16,"column":41}},"7":{"start":{"line":18,"column":0},"end":{"line":18,"column":58}},"8":{"start":{"line":20,"column":0},"end":{"line":20,"column":24}}},"fnMap":{},"branchMap":{},"s":{"0":2,"1":2,"2":2,"3":2,"4":2,"5":2,"6":2,"7":2,"8":2},"f":{},"b":{},"_coverageSchema":"1a1c01bbd47fc00a2c39e90264f33305004495a9","hash":"927ebc1247e7932c1d30215332df5e602bdf1af2"}
,"C:\\Users\\we can\\Desktop\\Topia\\mens-ecommerce\\backend\\src\\routes\\orderRoutes.js": {"path":"C:\\Users\\we can\\Desktop\\Topia\\mens-ecommerce\\backend\\src\\routes\\orderRoutes.js","statementMap":{"0":{"start":{"line":1,"column":16},"end":{"line":1,"column":34}},"1":{"start":{"line":2,"column":15},"end":{"line":2,"column":31}},"2":{"start":{"line":10,"column":4},"end":{"line":10,"column":45}},"3":{"start":{"line":11,"column":44},"end":{"line":11,"column":73}},"4":{"start":{"line":12,"column":28},"end":{"line":12,"column":63}},"5":{"start":{"line":14,"column":0},"end":{"line":14,"column":103}},"6":{"start":{"line":15,"column":0},"end":{"line":15,"column":52}},"7":{"start":{"line":16,"column":0},"end":{"line":16,"column":48}},"8":{"start":{"line":17,"column":0},"end":{"line":17,"column":57}},"9":{"start":{"line":18,"column":0},"end":{"line":18,"column":73}},"10":{"start":{"line":20,"column":0},"end":{"line":20,"column":24}}},"fnMap":{},"branchMap":{},"s":{"0":2,"1":2,"2":2,"3":2,"4":2,"5":2,"6":2,"7":2,"8":2,"9":2,"10":2},"f":{},"b":{},"_coverageSchema":"1a1c01bbd47fc00a2c39e90264f33305004495a9","hash":"bab5634b8b19118dea5fbcc5bb23646ac23956fa"}
,"C:\\Users\\we can\\Desktop\\Topia\\mens-ecommerce\\backend\\src\\routes\\paymentRoutes.js": {"path":"C:\\Users\\we can\\Desktop\\Topia\\mens-ecommerce\\backend\\src\\routes\\paymentRoutes.js","statementMap":{"0":{"start":{"line":1,"column":16},"end":{"line":1,"column":34}},"1":{"start":{"line":2,"column":15},"end":{"line":2,"column":31}},"2":{"start":{"line":3,"column":49},"end":{"line":3,"column":92}},"3":{"start":{"line":5,"column":0},"end":{"line":5,"column":59}},"4":{"start":{"line":6,"column":0},"end":{"line":6,"column":39}},"5":{"start":{"line":8,"column":0},"end":{"line":8,"column":24}}},"fnMap":{},"branchMap":{},"s":{"0":2,"1":2,"2":2,"3":2,"4":2,"5":2},"f":{},"b":{},"_coverageSchema":"1a1c01bbd47fc00a2c39e90264f33305004495a9","hash":"b0774811d81e82db6a28c1d1416cd022a8a7dca0"}
,"C:\\Users\\we can\\Desktop\\Topia\\mens-ecommerce\\backend\\src\\routes\\productRoutes.js": {"path":"C:\\Users\\we can\\Desktop\\Topia\\mens-ecommerce\\backend\\src\\routes\\productRoutes.js","statementMap":{"0":{"start":{"line":1,"column":16},"end":{"line":1,"column":34}},"1":{"start":{"line":8,"column":4},"end":{"line":8,"column":47}},"2":{"start":{"line":9,"column":27},"end":{"line":9,"column":56}},"3":{"start":{"line":10,"column":30},"end":{"line":10,"column":65}},"4":{"start":{"line":13,"column":21},"end":{"line":13,"column":46}},"5":{"start":{"line":15,"column":15},"end":{"line":15,"column":31}},"6":{"start":{"line":18,"column":0},"end":{"line":18,"column":48}},"7":{"start":{"line":21,"column":0},"end":{"line":21,"column":32}},"8":{"start":{"line":22,"column":0},"end":{"line":22,"column":35}},"9":{"start":{"line":25,"column":0},"end":{"line":25,"column":67}},"10":{"start":{"line":26,"column":0},"end":{"line":26,"column":69}},"11":{"start":{"line":27,"column":0},"end":{"line":27,"column":53}},"12":{"start":{"line":29,"column":0},"end":{"line":29,"column":24}}},"fnMap":{},"branchMap":{},"s":{"0":2,"1":2,"2":2,"3":2,"4":2,"5":2,"6":2,"7":2,"8":2,"9":2,"10":2,"11":2,"12":2},"f":{},"b":{},"_coverageSchema":"1a1c01bbd47fc00a2c39e90264f33305004495a9","hash":"01634a8df4cbb57b2331f66c9a4d2e1c7a6e9fe0"}
,"C:\\Users\\we can\\Desktop\\Topia\\mens-ecommerce\\backend\\src\\routes\\reviewRoutes.js": {"path":"C:\\Users\\we can\\Desktop\\Topia\\mens-ecommerce\\backend\\src\\routes\\reviewRoutes.js","statementMap":{"0":{"start":{"line":1,"column":16},"end":{"line":1,"column":34}},"1":{"start":{"line":6,"column":4},"end":{"line":6,"column":46}},"2":{"start":{"line":7,"column":27},"end":{"line":7,"column":56}},"3":{"start":{"line":8,"column":29},"end":{"line":8,"column":64}},"4":{"start":{"line":11,"column":15},"end":{"line":11,"column":52}},"5":{"start":{"line":13,"column":0},"end":{"line":16,"column":51}},"6":{"start":{"line":18,"column":0},"end":{"line":20,"column":35}},"7":{"start":{"line":22,"column":0},"end":{"line":22,"column":24}}},"fnMap":{},"branchMap":{},"s":{"0":2,"1":2,"2":2,"3":2,"4":2,"5":2,"6":2,"7":2},"f":{},"b":{},"_coverageSchema":"1a1c01bbd47fc00a2c39e90264f33305004495a9","hash":"40654934305c9a555224c1d5c6a7e24667592f4f"}
,"C:\\Users\\we can\\Desktop\\Topia\\mens-ecommerce\\backend\\src\\routes\\uploadRoutes.js": {"path":"C:\\Users\\we can\\Desktop\\Topia\\mens-ecommerce\\backend\\src\\routes\\uploadRoutes.js","statementMap":{"0":{"start":{"line":1,"column":13},"end":{"line":1,"column":28}},"1":{"start":{"line":2,"column":16},"end":{"line":2,"column":34}},"2":{"start":{"line":3,"column":15},"end":{"line":3,"column":32}},"3":{"start":{"line":5,"column":15},"end":{"line":5,"column":31}},"4":{"start":{"line":7,"column":16},"end":{"line":17,"column":2}},"5":{"start":{"line":9,"column":8},"end":{"line":9,"column":29}},"6":{"start":{"line":12,"column":8},"end":{"line":15,"column":10}},"7":{"start":{"line":20,"column":22},"end":{"line":20,"column":41}},"8":{"start":{"line":21,"column":20},"end":{"line":21,"column":81}},"9":{"start":{"line":22,"column":21},"end":{"line":22,"column":50}},"10":{"start":{"line":24,"column":4},"end":{"line":28,"column":5}},"11":{"start":{"line":25,"column":8},"end":{"line":25,"column":30}},"12":{"start":{"line":27,"column":8},"end":{"line":27,"column":27}},"13":{"start":{"line":31,"column":15},"end":{"line":36,"column":2}},"14":{"start":{"line":34,"column":8},"end":{"line":34,"column":32}},"15":{"start":{"line":38,"column":0},"end":{"line":40,"column":3}},"16":{"start":{"line":39,"column":4},"end":{"line":39,"column":54}},"17":{"start":{"line":42,"column":0},"end":{"line":42,"column":24}}},"fnMap":{"0":{"name":"(anonymous_0)","decl":{"start":{"line":8,"column":4},"end":{"line":8,"column":5}},"loc":{"start":{"line":8,"column":31},"end":{"line":10,"column":5}},"line":8},"1":{"name":"(anonymous_1)","decl":{"start":{"line":11,"column":4},"end":{"line":11,"column":5}},"loc":{"start":{"line":11,"column":28},"end":{"line":16,"column":5}},"line":11},"2":{"name":"checkFileType","decl":{"start":{"line":19,"column":9},"end":{"line":19,"column":22}},"loc":{"start":{"line":19,"column":33},"end":{"line":29,"column":1}},"line":19},"3":{"name":"(anonymous_3)","decl":{"start":{"line":33,"column":16},"end":{"line":33,"column":17}},"loc":{"start":{"line":33,"column":41},"end":{"line":35,"column":5}},"line":33},"4":{"name":"(anonymous_4)","decl":{"start":{"line":38,"column":41},"end":{"line":38,"column":42}},"loc":{"start":{"line":38,"column":55},"end":{"line":40,"column":1}},"line":38}},"branchMap":{"0":{"loc":{"start":{"line":24,"column":4},"end":{"line":28,"column":5}},"type":"if","locations":[{"start":{"line":24,"column":4},"end":{"line":28,"column":5}},{"start":{"line":26,"column":11},"end":{"line":28,"column":5}}],"line":24},"1":{"loc":{"start":{"line":24,"column":8},"end":{"line":24,"column":27}},"type":"binary-expr","locations":[{"start":{"line":24,"column":8},"end":{"line":24,"column":15}},{"start":{"line":24,"column":19},"end":{"line":24,"column":27}}],"line":24}},"s":{"0":2,"1":2,"2":2,"3":2,"4":2,"5":0,"6":0,"7":0,"8":0,"9":0,"10":0,"11":0,"12":0,"13":2,"14":0,"15":2,"16":0,"17":2},"f":{"0":0,"1":0,"2":0,"3":0,"4":0},"b":{"0":[0,0],"1":[0,0]},"_coverageSchema":"1a1c01bbd47fc00a2c39e90264f33305004495a9","hash":"2eb9fc81f7c411635b400ebc645ae8709c426c71"}
,"C:\\Users\\we can\\Desktop\\Topia\\mens-ecommerce\\backend\\src\\routes\\userRoutes.js": {"path":"C:\\Users\\we can\\Desktop\\Topia\\mens-ecommerce\\backend\\src\\routes\\userRoutes.js","statementMap":{"0":{"start":{"line":1,"column":16},"end":{"line":1,"column":34}},"1":{"start":{"line":2,"column":15},"end":{"line":2,"column":31}},"2":{"start":{"line":16,"column":4},"end":{"line":16,"column":44}},"3":{"start":{"line":17,"column":27},"end":{"line":17,"column":56}},"4":{"start":{"line":18,"column":30},"end":{"line":18,"column":65}},"5":{"start":{"line":21,"column":0},"end":{"line":23,"column":37}},"6":{"start":{"line":26,"column":0},"end":{"line":27,"column":31}},"7":{"start":{"line":29,"column":0},"end":{"line":31,"column":41}},"8":{"start":{"line":34,"column":0},"end":{"line":35,"column":50}},"9":{"start":{"line":37,"column":0},"end":{"line":39,"column":36}},"10":{"start":{"line":42,"column":0},"end":{"line":43,"column":35}},"11":{"start":{"line":45,"column":0},"end":{"line":48,"column":37}},"12":{"start":{"line":50,"column":0},"end":{"line":50,"column":24}}},"fnMap":{},"branchMap":{},"s":{"0":2,"1":2,"2":2,"3":2,"4":2,"5":2,"6":2,"7":2,"8":2,"9":2,"10":2,"11":2,"12":2},"f":{},"b":{},"_coverageSchema":"1a1c01bbd47fc00a2c39e90264f33305004495a9","hash":"277fb21a28f5a9e832298949e7fcd8688211fa81"}
,"C:\\Users\\we can\\Desktop\\Topia\\mens-ecommerce\\backend\\src\\utils\\generateToken.js": {"path":"C:\\Users\\we can\\Desktop\\Topia\\mens-ecommerce\\backend\\src\\utils\\generateToken.js","statementMap":{"0":{"start":{"line":1,"column":12},"end":{"line":1,"column":35}},"1":{"start":{"line":3,"column":22},"end":{"line":7,"column":1}},"2":{"start":{"line":4,"column":4},"end":{"line":6,"column":7}},"3":{"start":{"line":9,"column":0},"end":{"line":9,"column":31}}},"fnMap":{"0":{"name":"(anonymous_0)","decl":{"start":{"line":3,"column":22},"end":{"line":3,"column":23}},"loc":{"start":{"line":3,"column":30},"end":{"line":7,"column":1}},"line":3}},"branchMap":{"0":{"loc":{"start":{"line":5,"column":19},"end":{"line":5,"column":50}},"type":"binary-expr","locations":[{"start":{"line":5,"column":19},"end":{"line":5,"column":41}},{"start":{"line":5,"column":45},"end":{"line":5,"column":50}}],"line":5}},"s":{"0":2,"1":2,"2":5,"3":2},"f":{"0":5},"b":{"0":[5,0]},"_coverageSchema":"1a1c01bbd47fc00a2c39e90264f33305004495a9","hash":"8a27951ca25fbd7d894665b75704288e0b1a2c29"}
,"C:\\Users\\we can\\Desktop\\Topia\\mens-ecommerce\\backend\\src\\utils\\sendEmail.js": {"path":"C:\\Users\\we can\\Desktop\\Topia\\mens-ecommerce\\backend\\src\\utils\\sendEmail.js","statementMap":{"0":{"start":{"line":1,"column":19},"end":{"line":1,"column":40}},"1":{"start":{"line":4,"column":22},"end":{"line":4,"column":26}},"2":{"start":{"line":6,"column":18},"end":{"line":73,"column":1}},"3":{"start":{"line":10,"column":4},"end":{"line":46,"column":5}},"4":{"start":{"line":11,"column":8},"end":{"line":22,"column":9}},"5":{"start":{"line":12,"column":12},"end":{"line":18,"column":15}},"6":{"start":{"line":20,"column":12},"end":{"line":20,"column":70}},"7":{"start":{"line":21,"column":12},"end":{"line":21,"column":62}},"8":{"start":{"line":25,"column":8},"end":{"line":45,"column":9}},"9":{"start":{"line":26,"column":12},"end":{"line":30,"column":13}},"10":{"start":{"line":27,"column":16},"end":{"line":27,"column":75}},"11":{"start":{"line":28,"column":16},"end":{"line":28,"column":71}},"12":{"start":{"line":29,"column":16},"end":{"line":29,"column":71}},"13":{"start":{"line":32,"column":12},"end":{"line":40,"column":15}},"14":{"start":{"line":41,"column":12},"end":{"line":41,"column":98}},"15":{"start":{"line":43,"column":12},"end":{"line":43,"column":66}},"16":{"start":{"line":44,"column":12},"end":{"line":44,"column":67}},"17":{"start":{"line":49,"column":24},"end":{"line":54,"column":5}},"18":{"start":{"line":56,"column":4},"end":{"line":72,"column":5}},"19":{"start":{"line":58,"column":21},"end":{"line":58,"column":60}},"20":{"start":{"line":59,"column":8},"end":{"line":59,"column":58}},"21":{"start":{"line":62,"column":8},"end":{"line":66,"column":9}},"22":{"start":{"line":63,"column":31},"end":{"line":63,"column":65}},"23":{"start":{"line":64,"column":12},"end":{"line":64,"column":58}},"24":{"start":{"line":65,"column":12},"end":{"line":65,"column":63}},"25":{"start":{"line":68,"column":8},"end":{"line":68,"column":20}},"26":{"start":{"line":70,"column":8},"end":{"line":70,"column":58}},"27":{"start":{"line":71,"column":8},"end":{"line":71,"column":51}},"28":{"start":{"line":75,"column":0},"end":{"line":75,"column":27}}},"fnMap":{"0":{"name":"(anonymous_0)","decl":{"start":{"line":6,"column":18},"end":{"line":6,"column":19}},"loc":{"start":{"line":6,"column":37},"end":{"line":73,"column":1}},"line":6}},"branchMap":{"0":{"loc":{"start":{"line":10,"column":4},"end":{"line":46,"column":5}},"type":"if","locations":[{"start":{"line":10,"column":4},"end":{"line":46,"column":5}},{"start":{"line":23,"column":11},"end":{"line":46,"column":5}}],"line":10},"1":{"loc":{"start":{"line":10,"column":8},"end":{"line":10,"column":59}},"type":"binary-expr","locations":[{"start":{"line":10,"column":8},"end":{"line":10,"column":30}},{"start":{"line":10,"column":34},"end":{"line":10,"column":59}}],"line":10},"2":{"loc":{"start":{"line":13,"column":25},"end":{"line":13,"column":60}},"type":"binary-expr","locations":[{"start":{"line":13,"column":25},"end":{"line":13,"column":49}},{"start":{"line":13,"column":53},"end":{"line":13,"column":60}}],"line":13},"3":{"loc":{"start":{"line":26,"column":12},"end":{"line":30,"column":13}},"type":"if","locations":[{"start":{"line":26,"column":12},"end":{"line":30,"column":13}},{"start":{},"end":{}}],"line":26},"4":{"loc":{"start":{"line":50,"column":18},"end":{"line":50,"column":56}},"type":"binary-expr","locations":[{"start":{"line":50,"column":18},"end":{"line":50,"column":39}},{"start":{"line":50,"column":43},"end":{"line":50,"column":56}}],"line":50},"5":{"loc":{"start":{"line":50,"column":62},"end":{"line":50,"column":108}},"type":"binary-expr","locations":[{"start":{"line":50,"column":62},"end":{"line":50,"column":84}},{"start":{"line":50,"column":88},"end":{"line":50,"column":108}}],"line":50},"6":{"loc":{"start":{"line":62,"column":8},"end":{"line":66,"column":9}},"type":"if","locations":[{"start":{"line":62,"column":8},"end":{"line":66,"column":9}},{"start":{},"end":{}}],"line":62},"7":{"loc":{"start":{"line":62,"column":12},"end":{"line":62,"column":65}},"type":"binary-expr","locations":[{"start":{"line":62,"column":12},"end":{"line":62,"column":35}},{"start":{"line":62,"column":39},"end":{"line":62,"column":65}}],"line":62}},"s":{"0":2,"1":2,"2":2,"3":4,"4":4,"5":4,"6":0,"7":0,"8":0,"9":0,"10":0,"11":0,"12":0,"13":0,"14":0,"15":0,"16":0,"17":4,"18":4,"19":4,"20":4,"21":4,"22":0,"23":0,"24":0,"25":4,"26":0,"27":0,"28":2},"f":{"0":4},"b":{"0":[4,0],"1":[4,4],"2":[4,0],"3":[0,0],"4":[4,0],"5":[4,0],"6":[0,4],"7":[4,4]},"_coverageSchema":"1a1c01bbd47fc00a2c39e90264f33305004495a9","hash":"e067df2ff75d9fc00c2f3cad82fcc56862dff4f8"}
}
