TN:
SF:src\app.js
FN:48,(anonymous_0)
FNF:1
FNH:0
FNDA:0,(anonymous_0)
DA:1,2
DA:2,2
DA:3,2
DA:5,2
DA:7,2
DA:8,2
DA:9,2
DA:10,2
DA:12,2
DA:15,2
DA:16,2
DA:18,2
DA:26,2
DA:27,2
DA:28,2
DA:29,2
DA:30,2
DA:31,2
DA:32,2
DA:33,2
DA:34,2
DA:35,2
DA:38,2
DA:41,2
DA:44,2
DA:45,0
DA:47,0
DA:48,0
DA:49,0
LF:29
LH:25
BRDA:44,0,0,0
BRDA:44,0,1,2
BRDA:47,1,0,0
BRDA:47,1,1,0
BRF:4
BRH:1
end_of_record
TN:
SF:src\config\database.js
FN:3,(anonymous_0)
FNF:1
FNH:0
FNDA:0,(anonymous_0)
DA:1,2
DA:3,2
DA:4,0
DA:5,0
DA:7,0
DA:9,0
DA:10,0
DA:14,2
LF:8
LH:3
BRF:0
BRH:0
end_of_record
TN:
SF:src\controllers\adminController.js
FN:8,(anonymous_0)
FN:34,(anonymous_1)
FNF:2
FNH:0
FNDA:0,(anonymous_0)
FNDA:0,(anonymous_1)
DA:1,2
DA:2,2
DA:3,2
DA:8,2
DA:9,0
DA:11,0
DA:15,0
DA:18,0
DA:21,0
DA:24,0
DA:27,0
DA:34,0
DA:41,0
DA:42,0
DA:43,0
DA:45,0
DA:52,0
DA:53,0
DA:55,0
DA:75,0
DA:88,0
LF:21
LH:4
BRDA:15,0,0,0
BRDA:15,0,1,0
BRDA:36,1,0,0
BRDA:36,1,1,0
BRDA:36,2,0,0
BRDA:36,2,1,0
BRF:6
BRH:0
end_of_record
TN:
SF:src\controllers\authController.js
FN:9,(anonymous_0)
FN:66,(anonymous_1)
FN:95,(anonymous_2)
FN:111,(anonymous_3)
FN:153,(anonymous_4)
FN:177,(anonymous_5)
FNF:6
FNH:2
FNDA:5,(anonymous_0)
FNDA:2,(anonymous_1)
FNDA:0,(anonymous_2)
FNDA:0,(anonymous_3)
FNDA:0,(anonymous_4)
FNDA:0,(anonymous_5)
DA:1,2
DA:2,2
DA:3,2
DA:4,2
DA:9,2
DA:10,5
DA:11,5
DA:14,5
DA:15,5
DA:16,1
DA:20,4
DA:27,4
DA:29,4
DA:30,4
DA:43,0
DA:46,4
DA:56,0
DA:59,0
DA:66,2
DA:67,2
DA:68,2
DA:71,2
DA:73,2
DA:74,1
DA:83,1
DA:84,1
DA:86,1
DA:89,0
DA:95,2
DA:96,0
DA:97,0
DA:98,0
DA:99,0
DA:104,0
DA:111,2
DA:112,0
DA:113,0
DA:114,0
DA:115,0
DA:119,0
DA:122,0
DA:123,0
DA:125,0
DA:127,0
DA:128,0
DA:138,0
DA:140,0
DA:141,0
DA:142,0
DA:143,0
DA:146,0
DA:153,2
DA:154,0
DA:155,0
DA:156,0
DA:158,0
DA:164,0
DA:165,0
DA:168,0
DA:170,0
DA:177,2
DA:178,0
DA:179,0
DA:180,0
DA:182,0
DA:188,0
DA:189,0
DA:193,0
DA:194,0
DA:195,0
DA:197,0
DA:199,0
DA:201,0
LF:73
LH:28
BRDA:15,0,0,1
BRDA:15,0,1,4
BRDA:27,1,0,4
BRDA:27,1,1,0
BRDA:73,2,0,1
BRDA:73,2,1,1
BRDA:73,3,0,2
BRDA:73,3,1,1
BRDA:114,4,0,0
BRDA:114,4,1,0
BRDA:164,5,0,0
BRDA:164,5,1,0
BRDA:188,6,0,0
BRDA:188,6,1,0
BRF:14
BRH:7
end_of_record
TN:
SF:src\controllers\categoryController.js
FN:6,(anonymous_0)
FN:21,(anonymous_1)
FN:33,(anonymous_2)
FN:48,(anonymous_3)
FN:73,(anonymous_4)
FNF:5
FNH:0
FNDA:0,(anonymous_0)
FNDA:0,(anonymous_1)
FNDA:0,(anonymous_2)
FNDA:0,(anonymous_3)
FNDA:0,(anonymous_4)
DA:1,2
DA:6,2
DA:7,0
DA:8,0
DA:9,0
DA:11,0
DA:12,0
DA:14,0
DA:21,2
DA:22,0
DA:23,0
DA:24,0
DA:26,0
DA:33,2
DA:34,0
DA:35,0
DA:36,0
DA:37,0
DA:39,0
DA:41,0
DA:48,2
DA:49,0
DA:51,0
DA:52,0
DA:55,0
DA:60,0
DA:61,0
DA:64,0
DA:66,0
DA:73,2
DA:74,0
DA:75,0
DA:77,0
DA:78,0
DA:81,0
DA:83,0
DA:85,0
LF:37
LH:6
BRDA:11,0,0,0
BRDA:11,0,1,0
BRDA:36,1,0,0
BRDA:36,1,1,0
BRDA:51,2,0,0
BRDA:51,2,1,0
BRDA:60,3,0,0
BRDA:60,3,1,0
BRDA:77,4,0,0
BRDA:77,4,1,0
BRF:10
BRH:0
end_of_record
TN:
SF:src\controllers\couponController.js
FN:6,(anonymous_0)
FN:30,(anonymous_1)
FN:63,(anonymous_2)
FN:75,(anonymous_3)
FNF:4
FNH:0
FNDA:0,(anonymous_0)
FNDA:0,(anonymous_1)
FNDA:0,(anonymous_2)
FNDA:0,(anonymous_3)
DA:1,2
DA:6,2
DA:7,0
DA:8,0
DA:10,0
DA:11,0
DA:12,0
DA:15,0
DA:21,0
DA:23,0
DA:30,2
DA:31,0
DA:32,0
DA:34,0
DA:36,0
DA:37,0
DA:40,0
DA:41,0
DA:44,0
DA:45,0
DA:48,0
DA:56,0
DA:63,2
DA:64,0
DA:65,0
DA:66,0
DA:68,0
DA:75,2
DA:76,0
DA:77,0
DA:78,0
DA:79,0
DA:80,0
DA:82,0
DA:85,0
LF:35
LH:5
BRDA:11,0,0,0
BRDA:11,0,1,0
BRDA:36,1,0,0
BRDA:36,1,1,0
BRDA:40,2,0,0
BRDA:40,2,1,0
BRDA:44,3,0,0
BRDA:44,3,1,0
BRDA:78,4,0,0
BRDA:78,4,1,0
BRF:10
BRH:0
end_of_record
TN:
SF:src\controllers\orderController.js
FN:7,(anonymous_0)
FN:86,(anonymous_1)
FN:103,(anonymous_2)
FN:131,(anonymous_3)
FN:175,(anonymous_4)
FN:187,(anonymous_5)
FNF:6
FNH:0
FNDA:0,(anonymous_0)
FNDA:0,(anonymous_1)
FNDA:0,(anonymous_2)
FNDA:0,(anonymous_3)
FNDA:0,(anonymous_4)
FNDA:0,(anonymous_5)
DA:1,2
DA:2,2
DA:7,2
DA:8,0
DA:18,0
DA:20,0
DA:21,0
DA:23,0
DA:36,0
DA:37,0
DA:40,0
DA:41,0
DA:44,0
DA:45,0
DA:46,0
DA:48,0
DA:49,0
DA:63,0
DA:67,0
DA:68,0
DA:76,0
DA:79,0
DA:86,2
DA:87,0
DA:88,0
DA:90,0
DA:91,0
DA:93,0
DA:96,0
DA:103,2
DA:104,0
DA:105,0
DA:107,0
DA:108,0
DA:109,0
DA:110,0
DA:117,0
DA:118,0
DA:120,0
DA:123,0
DA:124,0
DA:131,2
DA:132,0
DA:133,0
DA:135,0
DA:136,0
DA:137,0
DA:139,0
DA:142,0
DA:143,0
DA:144,0
DA:146,0
DA:147,0
DA:160,0
DA:163,0
DA:165,0
DA:168,0
DA:175,2
DA:176,0
DA:177,0
DA:178,0
DA:180,0
DA:187,2
DA:188,0
DA:189,0
DA:190,0
DA:192,0
LF:67
LH:8
BRDA:20,0,0,0
BRDA:20,0,1,0
BRDA:20,1,0,0
BRDA:20,1,1,0
BRDA:33,2,0,0
BRDA:33,2,1,0
BRDA:36,3,0,0
BRDA:36,3,1,0
BRDA:45,4,0,0
BRDA:45,4,1,0
BRDA:46,5,0,0
BRDA:46,5,1,0
BRDA:48,6,0,0
BRDA:48,6,1,0
BRDA:67,7,0,0
BRDA:67,7,1,0
BRDA:71,8,0,0
BRDA:71,8,1,0
BRDA:90,9,0,0
BRDA:90,9,1,0
BRDA:107,10,0,0
BRDA:107,10,1,0
BRDA:111,11,0,0
BRDA:111,11,1,0
BRDA:112,12,0,0
BRDA:112,12,1,0
BRDA:113,13,0,0
BRDA:113,13,1,0
BRDA:114,14,0,0
BRDA:114,14,1,0
BRDA:135,15,0,0
BRDA:135,15,1,0
BRDA:143,16,0,0
BRDA:143,16,1,0
BRDA:144,17,0,0
BRDA:144,17,1,0
BRDA:146,18,0,0
BRDA:146,18,1,0
BRF:38
BRH:0
end_of_record
TN:
SF:src\controllers\paymentController.js
FN:10,(anonymous_0)
FN:37,(anonymous_1)
FNF:2
FNH:0
FNDA:0,(anonymous_0)
FNDA:0,(anonymous_1)
DA:1,2
DA:2,2
DA:3,2
DA:5,2
DA:10,2
DA:11,0
DA:12,0
DA:13,0
DA:15,0
DA:18,0
DA:26,0
DA:30,0
DA:37,2
DA:38,0
LF:14
LH:6
BRDA:5,0,0,0
BRDA:5,0,1,2
BRDA:12,1,0,0
BRDA:12,1,1,0
BRDA:15,2,0,0
BRF:5
BRH:1
end_of_record
TN:
SF:src\controllers\productController.js
FN:6,(anonymous_0)
FN:13,(anonymous_1)
FN:29,(anonymous_2)
FN:41,(anonymous_3)
FN:45,(anonymous_4)
FN:98,(anonymous_5)
FN:116,(anonymous_6)
FN:142,(anonymous_7)
FNF:8
FNH:3
FNDA:0,(anonymous_0)
FNDA:0,(anonymous_1)
FNDA:3,(anonymous_2)
FNDA:15,(anonymous_3)
FNDA:0,(anonymous_4)
FNDA:1,(anonymous_5)
FNDA:0,(anonymous_6)
FNDA:0,(anonymous_7)
DA:1,2
DA:2,2
DA:3,2
DA:6,2
DA:7,0
DA:13,2
DA:14,0
DA:16,0
DA:18,0
DA:19,0
DA:20,0
DA:22,0
DA:29,2
DA:30,3
DA:31,3
DA:32,3
DA:34,3
DA:35,0
DA:39,3
DA:40,3
DA:41,15
DA:44,3
DA:45,3
DA:47,3
DA:50,3
DA:51,0
DA:57,0
DA:61,3
DA:62,0
DA:63,0
DA:65,3
DA:69,3
DA:70,3
DA:71,3
DA:73,3
DA:76,3
DA:77,2
DA:79,2
DA:88,2
DA:89,0
DA:91,3
DA:98,2
DA:99,1
DA:100,1
DA:104,1
DA:105,1
DA:107,0
DA:109,0
DA:116,2
DA:117,0
DA:119,0
DA:120,0
DA:123,0
DA:128,0
DA:129,0
DA:132,0
DA:133,0
DA:135,0
DA:142,2
DA:143,0
DA:144,0
DA:146,0
DA:147,0
DA:150,0
DA:151,0
DA:153,0
DA:154,0
LF:67
LH:35
BRDA:34,0,0,0
BRDA:34,0,1,3
BRDA:50,1,0,0
BRDA:50,1,1,3
BRDA:61,2,0,0
BRDA:61,2,1,3
BRDA:69,3,0,3
BRDA:69,3,1,3
BRDA:70,4,0,3
BRDA:70,4,1,3
BRDA:104,5,0,1
BRDA:104,5,1,0
BRDA:119,6,0,0
BRDA:119,6,1,0
BRDA:128,7,0,0
BRDA:128,7,1,0
BRDA:146,8,0,0
BRDA:146,8,1,0
BRF:18
BRH:8
end_of_record
TN:
SF:src\controllers\reviewController.js
FN:7,(anonymous_0)
FN:41,(anonymous_1)
FN:59,(anonymous_2)
FNF:3
FNH:0
FNDA:0,(anonymous_0)
FNDA:0,(anonymous_1)
FNDA:0,(anonymous_2)
DA:1,2
DA:2,2
DA:7,2
DA:8,0
DA:9,0
DA:10,0
DA:12,0
DA:13,0
DA:14,0
DA:18,0
DA:23,0
DA:24,0
DA:27,0
DA:29,0
DA:34,0
DA:41,2
DA:42,0
DA:43,0
DA:46,0
DA:52,0
DA:59,2
DA:60,0
DA:61,0
DA:63,0
DA:64,0
DA:68,0
DA:69,0
DA:72,0
DA:74,0
DA:76,0
LF:30
LH:5
BRDA:13,0,0,0
BRDA:13,0,1,0
BRDA:23,1,0,0
BRDA:23,1,1,0
BRDA:63,2,0,0
BRDA:63,2,1,0
BRDA:68,3,0,0
BRDA:68,3,1,0
BRDA:68,4,0,0
BRDA:68,4,1,0
BRF:10
BRH:0
end_of_record
TN:
SF:src\controllers\userController.js
FN:7,(anonymous_0)
FN:34,(anonymous_1)
FN:72,(anonymous_2)
FN:84,(anonymous_3)
FN:103,(anonymous_4)
FN:108,(anonymous_5)
FN:120,(anonymous_6)
FN:132,(anonymous_7)
FN:149,(anonymous_8)
FN:178,(anonymous_9)
FN:200,(anonymous_10)
FN:216,(anonymous_11)
FN:247,(anonymous_12)
FNF:13
FNH:0
FNDA:0,(anonymous_0)
FNDA:0,(anonymous_1)
FNDA:0,(anonymous_2)
FNDA:0,(anonymous_3)
FNDA:0,(anonymous_4)
FNDA:0,(anonymous_5)
FNDA:0,(anonymous_6)
FNDA:0,(anonymous_7)
FNDA:0,(anonymous_8)
FNDA:0,(anonymous_9)
FNDA:0,(anonymous_10)
FNDA:0,(anonymous_11)
FNDA:0,(anonymous_12)
DA:1,2
DA:2,2
DA:7,2
DA:8,0
DA:9,0
DA:11,0
DA:12,0
DA:24,0
DA:27,0
DA:34,2
DA:35,0
DA:36,0
DA:38,0
DA:39,0
DA:40,0
DA:41,0
DA:43,0
DA:44,0
DA:47,0
DA:49,0
DA:62,0
DA:65,0
DA:72,2
DA:73,0
DA:74,0
DA:75,0
DA:77,0
DA:84,2
DA:85,0
DA:86,0
DA:87,0
DA:89,0
DA:90,0
DA:91,0
DA:94,0
DA:96,0
DA:103,2
DA:104,0
DA:105,0
DA:106,0
DA:108,0
DA:109,0
DA:111,0
DA:113,0
DA:120,2
DA:121,0
DA:122,0
DA:123,0
DA:125,0
DA:132,2
DA:133,0
DA:134,0
DA:135,0
DA:137,0
DA:138,0
DA:140,0
DA:142,0
DA:149,2
DA:150,0
DA:151,0
DA:152,0
DA:153,0
DA:155,0
DA:157,0
DA:158,0
DA:159,0
DA:160,0
DA:161,0
DA:162,0
DA:163,0
DA:165,0
DA:166,0
DA:168,0
DA:171,0
DA:178,2
DA:179,0
DA:180,0
DA:181,0
DA:183,0
DA:185,0
DA:186,0
DA:187,0
DA:188,0
DA:190,0
DA:193,0
DA:200,2
DA:201,0
DA:202,0
DA:203,0
DA:204,0
DA:206,0
DA:209,0
DA:216,2
DA:217,0
DA:218,0
DA:220,0
DA:221,0
DA:222,0
DA:223,0
DA:225,0
DA:227,0
DA:237,0
DA:240,0
DA:247,2
DA:248,0
DA:249,0
DA:251,0
DA:252,0
DA:253,0
DA:255,0
DA:258,0
LF:111
LH:14
BRDA:11,0,0,0
BRDA:11,0,1,0
BRDA:38,1,0,0
BRDA:38,1,1,0
BRDA:39,2,0,0
BRDA:39,2,1,0
BRDA:40,3,0,0
BRDA:40,3,1,0
BRDA:41,4,0,0
BRDA:41,4,1,0
BRDA:43,5,0,0
BRDA:43,5,1,0
BRDA:57,6,0,0
BRDA:57,6,1,0
BRDA:89,7,0,0
BRDA:89,7,1,0
BRDA:157,8,0,0
BRDA:157,8,1,0
BRDA:158,9,0,0
BRDA:158,9,1,0
BRDA:159,10,0,0
BRDA:159,10,1,0
BRDA:160,11,0,0
BRDA:160,11,1,0
BRDA:161,12,0,0
BRDA:161,12,1,0
BRDA:162,13,0,0
BRDA:162,13,1,0
BRDA:163,14,0,0
BRDA:163,14,1,0
BRDA:185,15,0,0
BRDA:185,15,1,0
BRDA:203,16,0,0
BRDA:203,16,1,0
BRDA:220,17,0,0
BRDA:220,17,1,0
BRDA:221,18,0,0
BRDA:221,18,1,0
BRDA:222,19,0,0
BRDA:222,19,1,0
BRDA:223,20,0,0
BRDA:223,20,1,0
BRDA:251,21,0,0
BRDA:251,21,1,0
BRF:44
BRH:0
end_of_record
TN:
SF:src\middleware\auth.js
FN:4,(anonymous_0)
FN:30,(anonymous_1)
FN:38,(anonymous_2)
FNF:3
FNH:0
FNDA:0,(anonymous_0)
FNDA:0,(anonymous_1)
FNDA:0,(anonymous_2)
DA:1,2
DA:2,2
DA:4,2
DA:7,0
DA:11,0
DA:12,0
DA:14,0
DA:16,0
DA:18,0
DA:20,0
DA:21,0
DA:25,0
DA:26,0
DA:30,2
DA:31,0
DA:32,0
DA:34,0
DA:38,2
DA:41,0
DA:45,0
DA:46,0
DA:47,0
DA:48,0
DA:50,0
DA:54,0
DA:57,2
LF:26
LH:6
BRDA:7,0,0,0
BRDA:7,0,1,0
BRDA:8,1,0,0
BRDA:8,1,1,0
BRDA:25,2,0,0
BRDA:25,2,1,0
BRDA:31,3,0,0
BRDA:31,3,1,0
BRDA:31,4,0,0
BRDA:31,4,1,0
BRDA:41,5,0,0
BRDA:41,5,1,0
BRDA:42,6,0,0
BRDA:42,6,1,0
BRF:14
BRH:0
end_of_record
TN:
SF:src\middleware\errorHandler.js
FN:1,(anonymous_0)
FN:24,(anonymous_1)
FNF:2
FNH:0
FNDA:0,(anonymous_0)
FNDA:0,(anonymous_1)
DA:1,2
DA:2,0
DA:3,0
DA:6,0
DA:9,0
DA:10,0
DA:11,0
DA:12,0
DA:16,0
DA:17,0
DA:18,0
DA:19,0
DA:23,0
DA:24,0
DA:25,0
DA:26,0
DA:29,0
DA:35,2
LF:18
LH:2
BRDA:9,0,0,0
BRDA:9,0,1,0
BRDA:16,1,0,0
BRDA:16,1,1,0
BRDA:23,2,0,0
BRDA:23,2,1,0
BRDA:29,3,0,0
BRDA:29,3,1,0
BRDA:31,4,0,0
BRDA:31,4,1,0
BRF:10
BRH:0
end_of_record
TN:
SF:src\middleware\validation.js
FN:4,(anonymous_0)
FN:9,(anonymous_1)
FNF:2
FNH:1
FNDA:7,(anonymous_0)
FNDA:0,(anonymous_1)
DA:1,2
DA:4,2
DA:5,7
DA:6,7
DA:7,0
DA:9,0
DA:12,7
DA:16,2
DA:24,2
DA:31,2
DA:40,2
DA:48,2
DA:55,2
DA:63,2
DA:70,2
LF:15
LH:13
BRDA:6,0,0,0
BRDA:6,0,1,7
BRF:2
BRH:1
end_of_record
TN:
SF:src\models\Category.js
FN:32,(anonymous_0)
FNF:1
FNH:0
FNDA:0,(anonymous_0)
DA:1,2
DA:3,2
DA:32,2
DA:33,0
DA:34,0
DA:38,2
LF:6
LH:4
BRDA:33,0,0,0
BRDA:33,0,1,0
BRF:2
BRH:0
end_of_record
TN:
SF:src\models\Coupon.js
FNF:0
FNH:0
DA:1,2
DA:3,2
DA:29,2
LF:3
LH:3
BRF:0
BRH:0
end_of_record
TN:
SF:src\models\Order.js
FNF:0
FNH:0
DA:1,2
DA:3,2
DA:88,2
LF:3
LH:3
BRF:0
BRH:0
end_of_record
TN:
SF:src\models\Product.js
FN:77,(anonymous_0)
FNF:1
FNH:0
FNDA:0,(anonymous_0)
DA:1,2
DA:3,2
DA:77,2
DA:78,0
DA:79,0
DA:83,2
LF:6
LH:4
BRDA:78,0,0,0
BRDA:78,0,1,0
BRF:2
BRH:0
end_of_record
TN:
SF:src\models\Review.js
FN:32,(anonymous_0)
FN:61,(anonymous_1)
FN:66,(anonymous_2)
FNF:3
FNH:0
FNDA:0,(anonymous_0)
FNDA:0,(anonymous_1)
FNDA:0,(anonymous_2)
DA:1,2
DA:3,2
DA:29,2
DA:32,2
DA:33,0
DA:46,0
DA:47,0
DA:53,0
DA:61,2
DA:62,0
DA:66,2
DA:67,0
DA:70,2
LF:13
LH:7
BRDA:46,0,0,0
BRDA:46,0,1,0
BRF:2
BRH:0
end_of_record
TN:
SF:src\models\User.js
FN:58,(anonymous_0)
FN:67,(anonymous_1)
FNF:2
FNH:2
FNDA:4,(anonymous_0)
FNDA:1,(anonymous_1)
DA:1,2
DA:2,2
DA:4,2
DA:58,2
DA:59,4
DA:60,0
DA:62,4
DA:63,4
DA:67,2
DA:68,1
DA:71,2
LF:11
LH:10
BRDA:59,0,0,0
BRDA:59,0,1,4
BRF:2
BRH:1
end_of_record
TN:
SF:src\routes\adminRoutes.js
FNF:0
FNH:0
DA:1,2
DA:2,2
DA:3,2
DA:4,2
DA:7,2
DA:9,2
LF:6
LH:6
BRF:0
BRH:0
end_of_record
TN:
SF:src\routes\authRoutes.js
FN:12,(anonymous_0)
FNF:1
FNH:0
FNDA:0,(anonymous_0)
DA:1,2
DA:2,2
DA:3,2
DA:5,2
DA:6,2
DA:8,2
DA:9,2
DA:10,2
DA:11,2
DA:12,2
DA:13,0
DA:14,0
DA:16,2
DA:17,2
DA:19,2
DA:21,2
LF:16
LH:14
BRF:0
BRH:0
end_of_record
TN:
SF:src\routes\categoryRoutes.js
FNF:0
FNH:0
DA:1,2
DA:8,2
DA:9,2
DA:10,2
DA:12,2
DA:15,2
DA:16,2
DA:19,2
DA:20,2
DA:21,2
DA:23,2
LF:11
LH:11
BRF:0
BRH:0
end_of_record
TN:
SF:src\routes\couponRoutes.js
FNF:0
FNH:0
DA:1,2
DA:2,2
DA:8,2
DA:9,2
DA:10,2
DA:12,2
DA:16,2
DA:18,2
DA:20,2
LF:9
LH:9
BRF:0
BRH:0
end_of_record
TN:
SF:src\routes\orderRoutes.js
FNF:0
FNH:0
DA:1,2
DA:2,2
DA:10,2
DA:11,2
DA:12,2
DA:14,2
DA:15,2
DA:16,2
DA:17,2
DA:18,2
DA:20,2
LF:11
LH:11
BRF:0
BRH:0
end_of_record
TN:
SF:src\routes\paymentRoutes.js
FNF:0
FNH:0
DA:1,2
DA:2,2
DA:3,2
DA:5,2
DA:6,2
DA:8,2
LF:6
LH:6
BRF:0
BRH:0
end_of_record
TN:
SF:src\routes\productRoutes.js
FNF:0
FNH:0
DA:1,2
DA:8,2
DA:9,2
DA:10,2
DA:13,2
DA:15,2
DA:18,2
DA:21,2
DA:22,2
DA:25,2
DA:26,2
DA:27,2
DA:29,2
LF:13
LH:13
BRF:0
BRH:0
end_of_record
TN:
SF:src\routes\reviewRoutes.js
FNF:0
FNH:0
DA:1,2
DA:6,2
DA:7,2
DA:8,2
DA:11,2
DA:13,2
DA:18,2
DA:22,2
LF:8
LH:8
BRF:0
BRH:0
end_of_record
TN:
SF:src\routes\uploadRoutes.js
FN:8,(anonymous_0)
FN:11,(anonymous_1)
FN:19,checkFileType
FN:33,(anonymous_3)
FN:38,(anonymous_4)
FNF:5
FNH:0
FNDA:0,(anonymous_0)
FNDA:0,(anonymous_1)
FNDA:0,checkFileType
FNDA:0,(anonymous_3)
FNDA:0,(anonymous_4)
DA:1,2
DA:2,2
DA:3,2
DA:5,2
DA:7,2
DA:9,0
DA:12,0
DA:20,0
DA:21,0
DA:22,0
DA:24,0
DA:25,0
DA:27,0
DA:31,2
DA:34,0
DA:38,2
DA:39,0
DA:42,2
LF:18
LH:8
BRDA:24,0,0,0
BRDA:24,0,1,0
BRDA:24,1,0,0
BRDA:24,1,1,0
BRF:4
BRH:0
end_of_record
TN:
SF:src\routes\userRoutes.js
FNF:0
FNH:0
DA:1,2
DA:2,2
DA:16,2
DA:17,2
DA:18,2
DA:21,2
DA:26,2
DA:29,2
DA:34,2
DA:37,2
DA:42,2
DA:45,2
DA:50,2
LF:13
LH:13
BRF:0
BRH:0
end_of_record
TN:
SF:src\utils\generateToken.js
FN:3,(anonymous_0)
FNF:1
FNH:1
FNDA:5,(anonymous_0)
DA:1,2
DA:3,2
DA:4,5
DA:9,2
LF:4
LH:4
BRDA:5,0,0,5
BRDA:5,0,1,0
BRF:2
BRH:1
end_of_record
TN:
SF:src\utils\sendEmail.js
FN:6,(anonymous_0)
FNF:1
FNH:1
FNDA:4,(anonymous_0)
DA:1,2
DA:4,2
DA:6,2
DA:10,4
DA:11,4
DA:12,4
DA:20,0
DA:21,0
DA:25,0
DA:26,0
DA:27,0
DA:28,0
DA:29,0
DA:32,0
DA:41,0
DA:43,0
DA:44,0
DA:49,4
DA:56,4
DA:58,4
DA:59,4
DA:62,4
DA:63,0
DA:64,0
DA:65,0
DA:68,4
DA:70,0
DA:71,0
DA:75,2
LF:29
LH:13
BRDA:10,0,0,4
BRDA:10,0,1,0
BRDA:10,1,0,4
BRDA:10,1,1,4
BRDA:13,2,0,4
BRDA:13,2,1,0
BRDA:26,3,0,0
BRDA:26,3,1,0
BRDA:50,4,0,4
BRDA:50,4,1,0
BRDA:50,5,0,4
BRDA:50,5,1,0
BRDA:62,6,0,0
BRDA:62,6,1,4
BRDA:62,7,0,4
BRDA:62,7,1,4
BRF:16
BRH:9
end_of_record
